{"/private/var/folders/xv/bkj1f4dx1jzd5k2_0pkg8k8h0000gn/T/vibe-kanban/worktrees/7bdb-3-add-unit-and-i/unusual-whales-mcp/src/client.ts": {"path":"/private/var/folders/xv/bkj1f4dx1jzd5k2_0pkg8k8h0000gn/T/vibe-kanban/worktrees/7bdb-3-add-unit-and-i/unusual-whales-mcp/src/client.ts","all":false,"statementMap":{"0":{"start":{"line":1,"column":0},"end":{"line":1,"column":36}},"1":{"start":{"line":2,"column":0},"end":{"line":2,"column":60}},"3":{"start":{"line":4,"column":0},"end":{"line":4,"column":48}},"4":{"start":{"line":5,"column":0},"end":{"line":5,"column":33}},"5":{"start":{"line":6,"column":0},"end":{"line":6,"column":41}},"6":{"start":{"line":7,"column":0},"end":{"line":7,"column":29}},"7":{"start":{"line":8,"column":0},"end":{"line":8,"column":32}},"15":{"start":{"line":16,"column":0},"end":{"line":16,"column":36}},"16":{"start":{"line":17,"column":0},"end":{"line":17,"column":80}},"17":{"start":{"line":18,"column":0},"end":{"line":18,"column":5}},"18":{"start":{"line":19,"column":0},"end":{"line":19,"column":1}},"19":{"start":{"line":20,"column":0},"end":{"line":20,"column":49}},"20":{"start":{"line":21,"column":0},"end":{"line":21,"column":81}},"21":{"start":{"line":22,"column":0},"end":{"line":22,"column":1}},"24":{"start":{"line":25,"column":0},"end":{"line":25,"column":28}},"25":{"start":{"line":26,"column":0},"end":{"line":26,"column":60}},"26":{"start":{"line":27,"column":0},"end":{"line":27,"column":5}},"27":{"start":{"line":28,"column":0},"end":{"line":28,"column":1}},"28":{"start":{"line":29,"column":0},"end":{"line":29,"column":81}},"35":{"start":{"line":36,"column":0},"end":{"line":36,"column":74}},"37":{"start":{"line":38,"column":0},"end":{"line":38,"column":24}},"38":{"start":{"line":39,"column":0},"end":{"line":39,"column":15}},"39":{"start":{"line":40,"column":0},"end":{"line":40,"column":3}},"41":{"start":{"line":42,"column":0},"end":{"line":42,"column":22}},"42":{"start":{"line":43,"column":0},"end":{"line":43,"column":15}},"43":{"start":{"line":44,"column":0},"end":{"line":44,"column":3}},"45":{"start":{"line":46,"column":0},"end":{"line":46,"column":37}},"46":{"start":{"line":47,"column":0},"end":{"line":47,"column":15}},"47":{"start":{"line":48,"column":0},"end":{"line":48,"column":3}},"48":{"start":{"line":49,"column":0},"end":{"line":49,"column":14}},"49":{"start":{"line":50,"column":0},"end":{"line":50,"column":1}},"55":{"start":{"line":56,"column":0},"end":{"line":56,"column":49}},"56":{"start":{"line":57,"column":0},"end":{"line":57,"column":51}},"57":{"start":{"line":58,"column":0},"end":{"line":58,"column":1}},"62":{"start":{"line":63,"column":0},"end":{"line":63,"column":43}},"63":{"start":{"line":64,"column":0},"end":{"line":64,"column":58}},"64":{"start":{"line":65,"column":0},"end":{"line":65,"column":1}},"74":{"start":{"line":75,"column":0},"end":{"line":75,"column":52}},"75":{"start":{"line":76,"column":0},"end":{"line":76,"column":46}},"76":{"start":{"line":77,"column":0},"end":{"line":77,"column":49}},"77":{"start":{"line":78,"column":0},"end":{"line":78,"column":3}},"78":{"start":{"line":79,"column":0},"end":{"line":79,"column":27}},"79":{"start":{"line":80,"column":0},"end":{"line":80,"column":70}},"80":{"start":{"line":81,"column":0},"end":{"line":81,"column":45}},"81":{"start":{"line":82,"column":0},"end":{"line":82,"column":3}},"82":{"start":{"line":83,"column":0},"end":{"line":83,"column":32}},"83":{"start":{"line":84,"column":0},"end":{"line":84,"column":1}},"93":{"start":{"line":94,"column":0},"end":{"line":94,"column":43}},"94":{"start":{"line":95,"column":0},"end":{"line":95,"column":19}},"95":{"start":{"line":96,"column":0},"end":{"line":96,"column":76}},"96":{"start":{"line":97,"column":0},"end":{"line":97,"column":28}},"97":{"start":{"line":98,"column":0},"end":{"line":98,"column":39}},"99":{"start":{"line":100,"column":0},"end":{"line":100,"column":16}},"100":{"start":{"line":101,"column":0},"end":{"line":101,"column":66}},"101":{"start":{"line":102,"column":0},"end":{"line":102,"column":3}},"104":{"start":{"line":105,"column":0},"end":{"line":105,"column":44}},"105":{"start":{"line":106,"column":0},"end":{"line":106,"column":27}},"106":{"start":{"line":107,"column":0},"end":{"line":107,"column":65}},"107":{"start":{"line":108,"column":0},"end":{"line":108,"column":12}},"108":{"start":{"line":109,"column":0},"end":{"line":109,"column":101}},"109":{"start":{"line":110,"column":0},"end":{"line":110,"column":5}},"110":{"start":{"line":111,"column":0},"end":{"line":111,"column":3}},"112":{"start":{"line":113,"column":0},"end":{"line":113,"column":41}},"114":{"start":{"line":115,"column":0},"end":{"line":115,"column":15}},"115":{"start":{"line":116,"column":0},"end":{"line":116,"column":54}},"117":{"start":{"line":118,"column":0},"end":{"line":118,"column":85}},"118":{"start":{"line":119,"column":0},"end":{"line":119,"column":14}},"119":{"start":{"line":120,"column":0},"end":{"line":120,"column":7}},"121":{"start":{"line":122,"column":0},"end":{"line":122,"column":33}},"122":{"start":{"line":123,"column":0},"end":{"line":123,"column":33}},"123":{"start":{"line":124,"column":0},"end":{"line":124,"column":52}},"124":{"start":{"line":125,"column":0},"end":{"line":125,"column":10}},"125":{"start":{"line":126,"column":0},"end":{"line":126,"column":14}},"126":{"start":{"line":127,"column":0},"end":{"line":127,"column":51}},"127":{"start":{"line":128,"column":0},"end":{"line":128,"column":7}},"128":{"start":{"line":129,"column":0},"end":{"line":129,"column":6}},"129":{"start":{"line":130,"column":0},"end":{"line":130,"column":3}},"131":{"start":{"line":132,"column":0},"end":{"line":132,"column":37}},"133":{"start":{"line":134,"column":0},"end":{"line":134,"column":68}},"134":{"start":{"line":135,"column":0},"end":{"line":135,"column":44}},"135":{"start":{"line":136,"column":0},"end":{"line":136,"column":76}},"137":{"start":{"line":138,"column":0},"end":{"line":138,"column":9}},"138":{"start":{"line":139,"column":0},"end":{"line":139,"column":52}},"139":{"start":{"line":140,"column":0},"end":{"line":140,"column":22}},"140":{"start":{"line":141,"column":0},"end":{"line":141,"column":18}},"141":{"start":{"line":142,"column":0},"end":{"line":142,"column":44}},"142":{"start":{"line":143,"column":0},"end":{"line":143,"column":37}},"143":{"start":{"line":144,"column":0},"end":{"line":144,"column":10}},"144":{"start":{"line":145,"column":0},"end":{"line":145,"column":34}},"145":{"start":{"line":146,"column":0},"end":{"line":146,"column":8}},"147":{"start":{"line":148,"column":0},"end":{"line":148,"column":27}},"149":{"start":{"line":150,"column":0},"end":{"line":150,"column":24}},"150":{"start":{"line":151,"column":0},"end":{"line":151,"column":42}},"151":{"start":{"line":152,"column":0},"end":{"line":152,"column":20}},"152":{"start":{"line":153,"column":0},"end":{"line":153,"column":34}},"153":{"start":{"line":154,"column":0},"end":{"line":154,"column":9}},"155":{"start":{"line":156,"column":0},"end":{"line":156,"column":13}},"156":{"start":{"line":157,"column":0},"end":{"line":157,"column":39}},"157":{"start":{"line":158,"column":0},"end":{"line":158,"column":36}},"158":{"start":{"line":159,"column":0},"end":{"line":159,"column":17}},"159":{"start":{"line":160,"column":0},"end":{"line":160,"column":74}},"160":{"start":{"line":161,"column":0},"end":{"line":161,"column":9}},"161":{"start":{"line":162,"column":0},"end":{"line":162,"column":7}},"164":{"start":{"line":165,"column":0},"end":{"line":165,"column":36}},"165":{"start":{"line":166,"column":0},"end":{"line":166,"column":62}},"166":{"start":{"line":167,"column":0},"end":{"line":167,"column":80}},"167":{"start":{"line":168,"column":0},"end":{"line":168,"column":16}},"168":{"start":{"line":169,"column":0},"end":{"line":169,"column":102}},"169":{"start":{"line":170,"column":0},"end":{"line":170,"column":9}},"170":{"start":{"line":171,"column":0},"end":{"line":171,"column":7}},"172":{"start":{"line":173,"column":0},"end":{"line":173,"column":45}},"173":{"start":{"line":174,"column":0},"end":{"line":174,"column":64}},"176":{"start":{"line":177,"column":0},"end":{"line":177,"column":60}},"177":{"start":{"line":178,"column":0},"end":{"line":178,"column":35}},"178":{"start":{"line":179,"column":0},"end":{"line":179,"column":7}},"181":{"start":{"line":182,"column":0},"end":{"line":182,"column":84}},"182":{"start":{"line":183,"column":0},"end":{"line":183,"column":49}},"183":{"start":{"line":184,"column":0},"end":{"line":184,"column":60}},"184":{"start":{"line":185,"column":0},"end":{"line":185,"column":19}},"185":{"start":{"line":186,"column":0},"end":{"line":186,"column":34}},"186":{"start":{"line":187,"column":0},"end":{"line":187,"column":31}},"187":{"start":{"line":188,"column":0},"end":{"line":188,"column":43}},"188":{"start":{"line":189,"column":0},"end":{"line":189,"column":30}},"189":{"start":{"line":190,"column":0},"end":{"line":190,"column":10}},"190":{"start":{"line":191,"column":0},"end":{"line":191,"column":31}},"191":{"start":{"line":192,"column":0},"end":{"line":192,"column":16}},"192":{"start":{"line":193,"column":0},"end":{"line":193,"column":7}},"193":{"start":{"line":194,"column":0},"end":{"line":194,"column":21}},"194":{"start":{"line":195,"column":0},"end":{"line":195,"column":27}},"195":{"start":{"line":196,"column":0},"end":{"line":196,"column":75}},"197":{"start":{"line":198,"column":0},"end":{"line":198,"column":38}},"198":{"start":{"line":199,"column":0},"end":{"line":199,"column":39}},"199":{"start":{"line":200,"column":0},"end":{"line":200,"column":14}},"200":{"start":{"line":201,"column":0},"end":{"line":201,"column":52}},"201":{"start":{"line":202,"column":0},"end":{"line":202,"column":7}},"204":{"start":{"line":205,"column":0},"end":{"line":205,"column":78}},"205":{"start":{"line":206,"column":0},"end":{"line":206,"column":49}},"206":{"start":{"line":207,"column":0},"end":{"line":207,"column":61}},"207":{"start":{"line":208,"column":0},"end":{"line":208,"column":19}},"208":{"start":{"line":209,"column":0},"end":{"line":209,"column":29}},"209":{"start":{"line":210,"column":0},"end":{"line":210,"column":31}},"210":{"start":{"line":211,"column":0},"end":{"line":211,"column":43}},"211":{"start":{"line":212,"column":0},"end":{"line":212,"column":30}},"212":{"start":{"line":213,"column":0},"end":{"line":213,"column":10}},"213":{"start":{"line":214,"column":0},"end":{"line":214,"column":31}},"214":{"start":{"line":215,"column":0},"end":{"line":215,"column":16}},"215":{"start":{"line":216,"column":0},"end":{"line":216,"column":7}},"216":{"start":{"line":217,"column":0},"end":{"line":217,"column":5}},"217":{"start":{"line":218,"column":0},"end":{"line":218,"column":3}},"220":{"start":{"line":221,"column":0},"end":{"line":221,"column":55}},"221":{"start":{"line":222,"column":0},"end":{"line":222,"column":1}},"231":{"start":{"line":232,"column":0},"end":{"line":232,"column":67}},"232":{"start":{"line":233,"column":0},"end":{"line":233,"column":21}},"233":{"start":{"line":234,"column":0},"end":{"line":234,"column":59}},"234":{"start":{"line":235,"column":0},"end":{"line":235,"column":3}},"235":{"start":{"line":236,"column":0},"end":{"line":236,"column":45}},"236":{"start":{"line":237,"column":0},"end":{"line":237,"column":1}},"245":{"start":{"line":246,"column":0},"end":{"line":246,"column":54}},"246":{"start":{"line":247,"column":0},"end":{"line":247,"column":43}},"247":{"start":{"line":248,"column":0},"end":{"line":248,"column":1}}},"s":{"0":1,"1":1,"3":1,"4":1,"5":1,"6":1,"7":1,"15":1,"16":1,"17":1,"18":1,"19":1,"20":1,"21":1,"24":1,"25":1,"26":1,"27":1,"28":1,"35":0,"37":0,"38":0,"39":0,"41":0,"42":0,"43":0,"45":0,"46":0,"47":0,"48":0,"49":0,"55":0,"56":0,"57":0,"62":0,"63":0,"64":0,"74":1,"75":19,"76":2,"77":2,"78":17,"79":19,"80":7,"81":7,"82":10,"83":10,"93":10,"94":10,"95":10,"96":10,"97":10,"99":10,"100":1,"101":1,"104":9,"105":10,"106":0,"107":0,"108":0,"109":0,"110":0,"112":9,"114":10,"115":3,"117":7,"118":3,"119":3,"121":7,"122":1,"123":2,"124":1,"125":7,"126":3,"127":3,"128":3,"129":3,"131":9,"133":9,"134":9,"135":9,"137":9,"138":9,"139":9,"140":9,"141":9,"142":9,"143":9,"144":9,"145":9,"147":9,"149":9,"150":7,"151":7,"152":1,"153":1,"155":6,"156":6,"157":6,"158":7,"159":1,"160":1,"161":7,"164":9,"165":1,"166":1,"167":1,"168":1,"169":1,"170":1,"172":1,"173":1,"176":9,"177":1,"178":1,"181":9,"182":0,"183":0,"184":0,"185":0,"186":0,"187":0,"188":0,"189":0,"190":0,"191":0,"192":0,"193":9,"194":0,"195":0,"197":0,"198":0,"199":0,"200":0,"201":0,"204":0,"205":0,"206":0,"207":0,"208":0,"209":0,"210":0,"211":0,"212":0,"213":0,"214":0,"215":0,"216":0,"217":9,"220":10,"221":10,"231":1,"232":6,"233":2,"234":2,"235":4,"236":4,"245":1,"246":3,"247":3},"branchMap":{"0":{"type":"branch","line":21,"loc":{"start":{"line":21,"column":26},"end":{"line":21,"column":62}},"locations":[{"start":{"line":21,"column":26},"end":{"line":21,"column":62}}]},"1":{"type":"branch","line":29,"loc":{"start":{"line":29,"column":45},"end":{"line":29,"column":71}},"locations":[{"start":{"line":29,"column":45},"end":{"line":29,"column":71}}]},"2":{"type":"branch","line":75,"loc":{"start":{"line":75,"column":7},"end":{"line":84,"column":1}},"locations":[{"start":{"line":75,"column":7},"end":{"line":84,"column":1}}]},"3":{"type":"branch","line":76,"loc":{"start":{"line":76,"column":16},"end":{"line":76,"column":45}},"locations":[{"start":{"line":76,"column":16},"end":{"line":76,"column":45}}]},"4":{"type":"branch","line":76,"loc":{"start":{"line":76,"column":45},"end":{"line":78,"column":3}},"locations":[{"start":{"line":76,"column":45},"end":{"line":78,"column":3}}]},"5":{"type":"branch","line":78,"loc":{"start":{"line":78,"column":2},"end":{"line":80,"column":27}},"locations":[{"start":{"line":78,"column":2},"end":{"line":80,"column":27}}]},"6":{"type":"branch","line":80,"loc":{"start":{"line":80,"column":22},"end":{"line":80,"column":49}},"locations":[{"start":{"line":80,"column":22},"end":{"line":80,"column":49}}]},"7":{"type":"branch","line":80,"loc":{"start":{"line":80,"column":44},"end":{"line":80,"column":69}},"locations":[{"start":{"line":80,"column":44},"end":{"line":80,"column":69}}]},"8":{"type":"branch","line":80,"loc":{"start":{"line":80,"column":69},"end":{"line":82,"column":3}},"locations":[{"start":{"line":80,"column":69},"end":{"line":82,"column":3}}]},"9":{"type":"branch","line":82,"loc":{"start":{"line":82,"column":2},"end":{"line":84,"column":1}},"locations":[{"start":{"line":82,"column":2},"end":{"line":84,"column":1}}]},"10":{"type":"branch","line":94,"loc":{"start":{"line":94,"column":0},"end":{"line":222,"column":1}},"locations":[{"start":{"line":94,"column":0},"end":{"line":222,"column":1}}]},"11":{"type":"branch","line":100,"loc":{"start":{"line":100,"column":15},"end":{"line":102,"column":3}},"locations":[{"start":{"line":100,"column":15},"end":{"line":102,"column":3}}]},"12":{"type":"branch","line":102,"loc":{"start":{"line":102,"column":2},"end":{"line":106,"column":26}},"locations":[{"start":{"line":102,"column":2},"end":{"line":106,"column":26}}]},"13":{"type":"branch","line":106,"loc":{"start":{"line":106,"column":26},"end":{"line":111,"column":3}},"locations":[{"start":{"line":106,"column":26},"end":{"line":111,"column":3}}]},"14":{"type":"branch","line":111,"loc":{"start":{"line":111,"column":2},"end":{"line":115,"column":14}},"locations":[{"start":{"line":111,"column":2},"end":{"line":115,"column":14}}]},"15":{"type":"branch","line":115,"loc":{"start":{"line":115,"column":14},"end":{"line":130,"column":3}},"locations":[{"start":{"line":115,"column":14},"end":{"line":130,"column":3}}]},"16":{"type":"branch","line":130,"loc":{"start":{"line":130,"column":2},"end":{"line":218,"column":3}},"locations":[{"start":{"line":130,"column":2},"end":{"line":218,"column":3}}]},"17":{"type":"branch","line":150,"loc":{"start":{"line":150,"column":23},"end":{"line":162,"column":7}},"locations":[{"start":{"line":150,"column":23},"end":{"line":162,"column":7}}]},"18":{"type":"branch","line":152,"loc":{"start":{"line":152,"column":19},"end":{"line":154,"column":9}},"locations":[{"start":{"line":152,"column":19},"end":{"line":154,"column":9}}]},"19":{"type":"branch","line":154,"loc":{"start":{"line":154,"column":8},"end":{"line":159,"column":16}},"locations":[{"start":{"line":154,"column":8},"end":{"line":159,"column":16}}]},"20":{"type":"branch","line":159,"loc":{"start":{"line":159,"column":8},"end":{"line":161,"column":9}},"locations":[{"start":{"line":159,"column":8},"end":{"line":161,"column":9}}]},"21":{"type":"branch","line":162,"loc":{"start":{"line":162,"column":6},"end":{"line":165,"column":35}},"locations":[{"start":{"line":162,"column":6},"end":{"line":165,"column":35}}]},"22":{"type":"branch","line":165,"loc":{"start":{"line":165,"column":35},"end":{"line":177,"column":59}},"locations":[{"start":{"line":165,"column":35},"end":{"line":177,"column":59}}]},"23":{"type":"branch","line":167,"loc":{"start":{"line":167,"column":64},"end":{"line":167,"column":80}},"locations":[{"start":{"line":167,"column":64},"end":{"line":167,"column":80}}]},"24":{"type":"branch","line":177,"loc":{"start":{"line":177,"column":59},"end":{"line":179,"column":7}},"locations":[{"start":{"line":177,"column":59},"end":{"line":179,"column":7}}]},"25":{"type":"branch","line":179,"loc":{"start":{"line":179,"column":6},"end":{"line":182,"column":83}},"locations":[{"start":{"line":179,"column":6},"end":{"line":182,"column":83}}]},"26":{"type":"branch","line":182,"loc":{"start":{"line":182,"column":83},"end":{"line":193,"column":7}},"locations":[{"start":{"line":182,"column":83},"end":{"line":193,"column":7}}]},"27":{"type":"branch","line":194,"loc":{"start":{"line":194,"column":4},"end":{"line":217,"column":5}},"locations":[{"start":{"line":194,"column":4},"end":{"line":217,"column":5}}]},"28":{"type":"branch","line":218,"loc":{"start":{"line":218,"column":2},"end":{"line":221,"column":54}},"locations":[{"start":{"line":218,"column":2},"end":{"line":221,"column":54}}]},"29":{"type":"branch","line":116,"loc":{"start":{"line":116,"column":35},"end":{"line":129,"column":5}},"locations":[{"start":{"line":116,"column":35},"end":{"line":129,"column":5}}]},"30":{"type":"branch","line":118,"loc":{"start":{"line":118,"column":20},"end":{"line":118,"column":51}},"locations":[{"start":{"line":118,"column":20},"end":{"line":118,"column":51}}]},"31":{"type":"branch","line":118,"loc":{"start":{"line":118,"column":43},"end":{"line":118,"column":67}},"locations":[{"start":{"line":118,"column":43},"end":{"line":118,"column":67}}]},"32":{"type":"branch","line":118,"loc":{"start":{"line":118,"column":61},"end":{"line":118,"column":84}},"locations":[{"start":{"line":118,"column":61},"end":{"line":118,"column":84}}]},"33":{"type":"branch","line":118,"loc":{"start":{"line":118,"column":84},"end":{"line":120,"column":7}},"locations":[{"start":{"line":118,"column":84},"end":{"line":120,"column":7}}]},"34":{"type":"branch","line":120,"loc":{"start":{"line":120,"column":6},"end":{"line":122,"column":32}},"locations":[{"start":{"line":120,"column":6},"end":{"line":122,"column":32}}]},"35":{"type":"branch","line":122,"loc":{"start":{"line":122,"column":32},"end":{"line":126,"column":13}},"locations":[{"start":{"line":122,"column":32},"end":{"line":126,"column":13}}]},"36":{"type":"branch","line":126,"loc":{"start":{"line":126,"column":6},"end":{"line":128,"column":7}},"locations":[{"start":{"line":126,"column":6},"end":{"line":128,"column":7}}]},"37":{"type":"branch","line":123,"loc":{"start":{"line":123,"column":22},"end":{"line":125,"column":9}},"locations":[{"start":{"line":123,"column":22},"end":{"line":125,"column":9}}]},"38":{"type":"branch","line":232,"loc":{"start":{"line":232,"column":7},"end":{"line":237,"column":1}},"locations":[{"start":{"line":232,"column":7},"end":{"line":237,"column":1}}]},"39":{"type":"branch","line":233,"loc":{"start":{"line":233,"column":20},"end":{"line":235,"column":3}},"locations":[{"start":{"line":233,"column":20},"end":{"line":235,"column":3}}]},"40":{"type":"branch","line":235,"loc":{"start":{"line":235,"column":2},"end":{"line":237,"column":1}},"locations":[{"start":{"line":235,"column":2},"end":{"line":237,"column":1}}]},"41":{"type":"branch","line":246,"loc":{"start":{"line":246,"column":7},"end":{"line":248,"column":1}},"locations":[{"start":{"line":246,"column":7},"end":{"line":248,"column":1}}]}},"b":{"0":[0],"1":[0],"2":[19],"3":[18],"4":[2],"5":[17],"6":[14],"7":[12],"8":[7],"9":[10],"10":[10],"11":[1],"12":[9],"13":[0],"14":[9],"15":[3],"16":[9],"17":[7],"18":[1],"19":[6],"20":[1],"21":[2],"22":[1],"23":[0],"24":[1],"25":[0],"26":[0],"27":[0],"28":[0],"29":[7],"30":[6],"31":[6],"32":[5],"33":[3],"34":[4],"35":[1],"36":[3],"37":[2],"38":[6],"39":[2],"40":[4],"41":[3]},"fnMap":{"0":{"name":"isRetryableError","decl":{"start":{"line":36,"column":0},"end":{"line":50,"column":1}},"loc":{"start":{"line":36,"column":0},"end":{"line":50,"column":1}},"line":36},"1":{"name":"getRetryDelay","decl":{"start":{"line":56,"column":0},"end":{"line":58,"column":1}},"loc":{"start":{"line":56,"column":0},"end":{"line":58,"column":1}},"line":56},"2":{"name":"delay","decl":{"start":{"line":63,"column":0},"end":{"line":65,"column":1}},"loc":{"start":{"line":63,"column":0},"end":{"line":65,"column":1}},"line":63},"3":{"name":"encodePath","decl":{"start":{"line":75,"column":7},"end":{"line":84,"column":1}},"loc":{"start":{"line":75,"column":7},"end":{"line":84,"column":1}},"line":75},"4":{"name":"uwFetch","decl":{"start":{"line":94,"column":0},"end":{"line":222,"column":1}},"loc":{"start":{"line":94,"column":0},"end":{"line":222,"column":1}},"line":94},"5":{"name":"formatResponse","decl":{"start":{"line":232,"column":7},"end":{"line":237,"column":1}},"loc":{"start":{"line":232,"column":7},"end":{"line":237,"column":1}},"line":232},"6":{"name":"formatError","decl":{"start":{"line":246,"column":7},"end":{"line":248,"column":1}},"loc":{"start":{"line":246,"column":7},"end":{"line":248,"column":1}},"line":246}},"f":{"0":0,"1":0,"2":0,"3":19,"4":10,"5":6,"6":3}}
,"/private/var/folders/xv/bkj1f4dx1jzd5k2_0pkg8k8h0000gn/T/vibe-kanban/worktrees/7bdb-3-add-unit-and-i/unusual-whales-mcp/src/logger.ts": {"path":"/private/var/folders/xv/bkj1f4dx1jzd5k2_0pkg8k8h0000gn/T/vibe-kanban/worktrees/7bdb-3-add-unit-and-i/unusual-whales-mcp/src/logger.ts","all":false,"statementMap":{"9":{"start":{"line":10,"column":0},"end":{"line":10,"column":46}},"10":{"start":{"line":11,"column":0},"end":{"line":11,"column":11}},"11":{"start":{"line":12,"column":0},"end":{"line":12,"column":10}},"12":{"start":{"line":13,"column":0},"end":{"line":13,"column":10}},"13":{"start":{"line":14,"column":0},"end":{"line":14,"column":11}},"14":{"start":{"line":15,"column":0},"end":{"line":15,"column":1}},"16":{"start":{"line":17,"column":0},"end":{"line":17,"column":66}},"18":{"start":{"line":19,"column":0},"end":{"line":19,"column":62}},"19":{"start":{"line":20,"column":0},"end":{"line":20,"column":67}},"20":{"start":{"line":21,"column":0},"end":{"line":21,"column":1}},"22":{"start":{"line":23,"column":0},"end":{"line":23,"column":86}},"23":{"start":{"line":24,"column":0},"end":{"line":24,"column":58}},"25":{"start":{"line":26,"column":0},"end":{"line":26,"column":29}},"26":{"start":{"line":27,"column":0},"end":{"line":27,"column":25}},"27":{"start":{"line":28,"column":0},"end":{"line":28,"column":52}},"28":{"start":{"line":29,"column":0},"end":{"line":29,"column":14}},"29":{"start":{"line":30,"column":0},"end":{"line":30,"column":65}},"30":{"start":{"line":31,"column":0},"end":{"line":31,"column":11}},"31":{"start":{"line":32,"column":0},"end":{"line":32,"column":7}},"32":{"start":{"line":33,"column":0},"end":{"line":33,"column":15}},"34":{"start":{"line":35,"column":0},"end":{"line":35,"column":27}},"35":{"start":{"line":36,"column":0},"end":{"line":36,"column":40}},"36":{"start":{"line":37,"column":0},"end":{"line":37,"column":10}},"37":{"start":{"line":38,"column":0},"end":{"line":38,"column":12}},"38":{"start":{"line":39,"column":0},"end":{"line":39,"column":22}},"39":{"start":{"line":40,"column":0},"end":{"line":40,"column":3}},"40":{"start":{"line":41,"column":0},"end":{"line":41,"column":52}},"41":{"start":{"line":42,"column":0},"end":{"line":42,"column":1}},"43":{"start":{"line":44,"column":0},"end":{"line":44,"column":23}},"44":{"start":{"line":45,"column":0},"end":{"line":45,"column":82}},"45":{"start":{"line":46,"column":0},"end":{"line":46,"column":80}},"46":{"start":{"line":47,"column":0},"end":{"line":47,"column":80}},"47":{"start":{"line":48,"column":0},"end":{"line":48,"column":82}},"48":{"start":{"line":49,"column":0},"end":{"line":49,"column":1}}},"s":{"9":1,"10":1,"11":1,"12":1,"13":1,"14":1,"16":1,"18":1,"19":1,"20":1,"22":16,"23":16,"25":12,"26":2,"27":2,"28":3,"29":3,"30":2,"31":2,"32":10,"34":16,"35":16,"36":16,"37":16,"38":16,"39":16,"40":16,"41":16,"43":1,"44":1,"45":1,"46":1,"47":1,"48":1},"branchMap":{"0":{"type":"branch","line":17,"loc":{"start":{"line":17,"column":34},"end":{"line":17,"column":66}},"locations":[{"start":{"line":17,"column":34},"end":{"line":17,"column":66}}]},"1":{"type":"branch","line":19,"loc":{"start":{"line":19,"column":0},"end":{"line":21,"column":1}},"locations":[{"start":{"line":19,"column":0},"end":{"line":21,"column":1}}]},"2":{"type":"branch","line":23,"loc":{"start":{"line":23,"column":0},"end":{"line":42,"column":1}},"locations":[{"start":{"line":23,"column":0},"end":{"line":42,"column":1}}]},"3":{"type":"branch","line":24,"loc":{"start":{"line":24,"column":52},"end":{"line":24,"column":58}},"locations":[{"start":{"line":24,"column":52},"end":{"line":24,"column":58}}]},"4":{"type":"branch","line":24,"loc":{"start":{"line":24,"column":52},"end":{"line":26,"column":29}},"locations":[{"start":{"line":24,"column":52},"end":{"line":26,"column":29}}]},"5":{"type":"branch","line":26,"loc":{"start":{"line":26,"column":25},"end":{"line":32,"column":7}},"locations":[{"start":{"line":26,"column":25},"end":{"line":32,"column":7}}]},"6":{"type":"branch","line":32,"loc":{"start":{"line":32,"column":6},"end":{"line":33,"column":15}},"locations":[{"start":{"line":32,"column":6},"end":{"line":33,"column":15}}]},"7":{"type":"branch","line":28,"loc":{"start":{"line":28,"column":33},"end":{"line":31,"column":9}},"locations":[{"start":{"line":28,"column":33},"end":{"line":31,"column":9}}]},"8":{"type":"branch","line":30,"loc":{"start":{"line":30,"column":27},"end":{"line":30,"column":59}},"locations":[{"start":{"line":30,"column":27},"end":{"line":30,"column":59}}]},"9":{"type":"branch","line":30,"loc":{"start":{"line":30,"column":55},"end":{"line":30,"column":65}},"locations":[{"start":{"line":30,"column":55},"end":{"line":30,"column":65}}]},"10":{"type":"branch","line":45,"loc":{"start":{"line":45,"column":9},"end":{"line":45,"column":82}},"locations":[{"start":{"line":45,"column":9},"end":{"line":45,"column":82}}]},"11":{"type":"branch","line":46,"loc":{"start":{"line":46,"column":8},"end":{"line":46,"column":80}},"locations":[{"start":{"line":46,"column":8},"end":{"line":46,"column":80}}]},"12":{"type":"branch","line":47,"loc":{"start":{"line":47,"column":8},"end":{"line":47,"column":80}},"locations":[{"start":{"line":47,"column":8},"end":{"line":47,"column":80}}]},"13":{"type":"branch","line":48,"loc":{"start":{"line":48,"column":9},"end":{"line":48,"column":82}},"locations":[{"start":{"line":48,"column":9},"end":{"line":48,"column":82}}]}},"b":{"0":[2],"1":[1],"2":[16],"3":[4],"4":[12],"5":[2],"6":[10],"7":[3],"8":[1],"9":[2],"10":[3],"11":[7],"12":[2],"13":[4]},"fnMap":{"0":{"name":"serializeError","decl":{"start":{"line":19,"column":0},"end":{"line":21,"column":1}},"loc":{"start":{"line":19,"column":0},"end":{"line":21,"column":1}},"line":19},"1":{"name":"log","decl":{"start":{"line":23,"column":0},"end":{"line":42,"column":1}},"loc":{"start":{"line":23,"column":0},"end":{"line":42,"column":1}},"line":23},"2":{"name":"debug","decl":{"start":{"line":45,"column":9},"end":{"line":45,"column":82}},"loc":{"start":{"line":45,"column":9},"end":{"line":45,"column":82}},"line":45},"3":{"name":"info","decl":{"start":{"line":46,"column":8},"end":{"line":46,"column":80}},"loc":{"start":{"line":46,"column":8},"end":{"line":46,"column":80}},"line":46},"4":{"name":"warn","decl":{"start":{"line":47,"column":8},"end":{"line":47,"column":80}},"loc":{"start":{"line":47,"column":8},"end":{"line":47,"column":80}},"line":47},"5":{"name":"error","decl":{"start":{"line":48,"column":9},"end":{"line":48,"column":82}},"loc":{"start":{"line":48,"column":9},"end":{"line":48,"column":82}},"line":48}},"f":{"0":1,"1":16,"2":3,"3":7,"4":2,"5":4}}
,"/private/var/folders/xv/bkj1f4dx1jzd5k2_0pkg8k8h0000gn/T/vibe-kanban/worktrees/7bdb-3-add-unit-and-i/unusual-whales-mcp/src/rate-limiter.ts": {"path":"/private/var/folders/xv/bkj1f4dx1jzd5k2_0pkg8k8h0000gn/T/vibe-kanban/worktrees/7bdb-3-add-unit-and-i/unusual-whales-mcp/src/rate-limiter.ts","all":false,"statementMap":{"0":{"start":{"line":1,"column":0},"end":{"line":1,"column":28}},"6":{"start":{"line":7,"column":0},"end":{"line":7,"column":39}},"7":{"start":{"line":8,"column":0},"end":{"line":8,"column":35}},"8":{"start":{"line":9,"column":0},"end":{"line":9,"column":38}},"9":{"start":{"line":10,"column":0},"end":{"line":10,"column":35}},"11":{"start":{"line":12,"column":0},"end":{"line":12,"column":45}},"12":{"start":{"line":13,"column":0},"end":{"line":13,"column":43}},"13":{"start":{"line":14,"column":0},"end":{"line":14,"column":33}},"14":{"start":{"line":15,"column":0},"end":{"line":15,"column":3}},"20":{"start":{"line":21,"column":0},"end":{"line":21,"column":55}},"21":{"start":{"line":22,"column":0},"end":{"line":22,"column":26}},"24":{"start":{"line":25,"column":0},"end":{"line":25,"column":74}},"26":{"start":{"line":27,"column":0},"end":{"line":27,"column":53}},"28":{"start":{"line":29,"column":0},"end":{"line":29,"column":48}},"29":{"start":{"line":30,"column":0},"end":{"line":30,"column":60}},"30":{"start":{"line":31,"column":0},"end":{"line":31,"column":39}},"31":{"start":{"line":32,"column":0},"end":{"line":32,"column":5}},"33":{"start":{"line":34,"column":0},"end":{"line":34,"column":29}},"34":{"start":{"line":35,"column":0},"end":{"line":35,"column":28}},"35":{"start":{"line":36,"column":0},"end":{"line":36,"column":3}},"36":{"start":{"line":37,"column":0},"end":{"line":37,"column":1}}},"s":{"0":1,"6":1,"7":8,"8":8,"9":8,"11":8,"12":8,"13":8,"14":8,"20":8,"21":152,"24":152,"26":152,"28":6,"29":6,"30":6,"31":6,"33":146,"34":146,"35":152,"36":8},"branchMap":{"0":{"type":"branch","line":7,"loc":{"start":{"line":7,"column":38},"end":{"line":37,"column":1}},"locations":[{"start":{"line":7,"column":38},"end":{"line":37,"column":1}}]},"1":{"type":"branch","line":12,"loc":{"start":{"line":12,"column":2},"end":{"line":15,"column":3}},"locations":[{"start":{"line":12,"column":2},"end":{"line":15,"column":3}}]},"2":{"type":"branch","line":21,"loc":{"start":{"line":21,"column":2},"end":{"line":36,"column":3}},"locations":[{"start":{"line":21,"column":2},"end":{"line":36,"column":3}}]},"3":{"type":"branch","line":27,"loc":{"start":{"line":27,"column":52},"end":{"line":32,"column":5}},"locations":[{"start":{"line":27,"column":52},"end":{"line":32,"column":5}}]},"4":{"type":"branch","line":32,"loc":{"start":{"line":32,"column":4},"end":{"line":35,"column":28}},"locations":[{"start":{"line":32,"column":4},"end":{"line":35,"column":28}}]},"5":{"type":"branch","line":25,"loc":{"start":{"line":25,"column":45},"end":{"line":25,"column":73}},"locations":[{"start":{"line":25,"column":45},"end":{"line":25,"column":73}}]}},"b":{"0":[8],"1":[8],"2":[152],"3":[6],"4":[146],"5":[7323]},"fnMap":{"0":{"name":"<instance_members_initializer>","decl":{"start":{"line":7,"column":38},"end":{"line":37,"column":1}},"loc":{"start":{"line":7,"column":38},"end":{"line":37,"column":1}},"line":7},"1":{"name":"SlidingWindowRateLimiter","decl":{"start":{"line":12,"column":2},"end":{"line":15,"column":3}},"loc":{"start":{"line":12,"column":2},"end":{"line":15,"column":3}},"line":12},"2":{"name":"tryAcquire","decl":{"start":{"line":21,"column":2},"end":{"line":36,"column":3}},"loc":{"start":{"line":21,"column":2},"end":{"line":36,"column":3}},"line":21}},"f":{"0":8,"1":8,"2":152}}
,"/private/var/folders/xv/bkj1f4dx1jzd5k2_0pkg8k8h0000gn/T/vibe-kanban/worktrees/7bdb-3-add-unit-and-i/unusual-whales-mcp/src/schemas/common.ts": {"path":"/private/var/folders/xv/bkj1f4dx1jzd5k2_0pkg8k8h0000gn/T/vibe-kanban/worktrees/7bdb-3-add-unit-and-i/unusual-whales-mcp/src/schemas/common.ts","all":false,"statementMap":{"0":{"start":{"line":1,"column":0},"end":{"line":1,"column":23}},"3":{"start":{"line":4,"column":0},"end":{"line":4,"column":46}},"6":{"start":{"line":7,"column":0},"end":{"line":7,"column":38}},"7":{"start":{"line":8,"column":0},"end":{"line":8,"column":38}},"8":{"start":{"line":9,"column":0},"end":{"line":9,"column":36}},"9":{"start":{"line":10,"column":0},"end":{"line":10,"column":53}},"12":{"start":{"line":13,"column":0},"end":{"line":13,"column":36}},"13":{"start":{"line":14,"column":0},"end":{"line":14,"column":56}},"14":{"start":{"line":15,"column":0},"end":{"line":15,"column":40}},"17":{"start":{"line":18,"column":0},"end":{"line":18,"column":38}},"18":{"start":{"line":19,"column":0},"end":{"line":19,"column":63}},"19":{"start":{"line":20,"column":0},"end":{"line":20,"column":54}},"22":{"start":{"line":23,"column":0},"end":{"line":23,"column":37}},"23":{"start":{"line":24,"column":0},"end":{"line":24,"column":34}},"24":{"start":{"line":25,"column":0},"end":{"line":25,"column":37}},"25":{"start":{"line":26,"column":0},"end":{"line":26,"column":40}},"28":{"start":{"line":29,"column":0},"end":{"line":29,"column":38}},"29":{"start":{"line":30,"column":0},"end":{"line":30,"column":44}},"30":{"start":{"line":31,"column":0},"end":{"line":31,"column":34}},"33":{"start":{"line":34,"column":0},"end":{"line":34,"column":93}},"36":{"start":{"line":37,"column":0},"end":{"line":37,"column":78}},"39":{"start":{"line":40,"column":0},"end":{"line":40,"column":36}},"40":{"start":{"line":41,"column":0},"end":{"line":41,"column":33}},"41":{"start":{"line":42,"column":0},"end":{"line":42,"column":36}},"42":{"start":{"line":43,"column":0},"end":{"line":43,"column":48}},"45":{"start":{"line":46,"column":0},"end":{"line":46,"column":40}},"46":{"start":{"line":47,"column":0},"end":{"line":47,"column":52}},"47":{"start":{"line":48,"column":0},"end":{"line":48,"column":62}},"50":{"start":{"line":51,"column":0},"end":{"line":51,"column":154}},"53":{"start":{"line":54,"column":0},"end":{"line":54,"column":125}},"56":{"start":{"line":57,"column":0},"end":{"line":57,"column":132}}},"s":{"0":1,"3":1,"6":1,"7":1,"8":1,"9":1,"12":1,"13":1,"14":1,"17":1,"18":1,"19":1,"22":1,"23":1,"24":1,"25":1,"28":1,"29":1,"30":1,"33":1,"36":1,"39":1,"40":1,"41":1,"42":1,"45":1,"46":1,"47":1,"50":1,"53":1,"56":1},"branchMap":{},"b":{},"fnMap":{},"f":{}}
,"/private/var/folders/xv/bkj1f4dx1jzd5k2_0pkg8k8h0000gn/T/vibe-kanban/worktrees/7bdb-3-add-unit-and-i/unusual-whales-mcp/src/schemas/filters.ts": {"path":"/private/var/folders/xv/bkj1f4dx1jzd5k2_0pkg8k8h0000gn/T/vibe-kanban/worktrees/7bdb-3-add-unit-and-i/unusual-whales-mcp/src/schemas/filters.ts","all":false,"statementMap":{"0":{"start":{"line":1,"column":0},"end":{"line":1,"column":23}},"3":{"start":{"line":4,"column":0},"end":{"line":4,"column":45}},"4":{"start":{"line":5,"column":0},"end":{"line":5,"column":133}},"5":{"start":{"line":6,"column":0},"end":{"line":6,"column":133}},"6":{"start":{"line":7,"column":0},"end":{"line":7,"column":2}},"9":{"start":{"line":10,"column":0},"end":{"line":10,"column":42}},"10":{"start":{"line":11,"column":0},"end":{"line":11,"column":206}},"11":{"start":{"line":12,"column":0},"end":{"line":12,"column":122}},"12":{"start":{"line":13,"column":0},"end":{"line":13,"column":2}},"15":{"start":{"line":16,"column":0},"end":{"line":16,"column":44}},"16":{"start":{"line":17,"column":0},"end":{"line":17,"column":130}},"17":{"start":{"line":18,"column":0},"end":{"line":18,"column":130}},"18":{"start":{"line":19,"column":0},"end":{"line":19,"column":2}},"21":{"start":{"line":22,"column":0},"end":{"line":22,"column":40}},"22":{"start":{"line":23,"column":0},"end":{"line":23,"column":140}},"23":{"start":{"line":24,"column":0},"end":{"line":24,"column":140}},"24":{"start":{"line":25,"column":0},"end":{"line":25,"column":2}},"27":{"start":{"line":28,"column":0},"end":{"line":28,"column":41}},"28":{"start":{"line":29,"column":0},"end":{"line":29,"column":116}},"29":{"start":{"line":30,"column":0},"end":{"line":30,"column":116}},"30":{"start":{"line":31,"column":0},"end":{"line":31,"column":2}}},"s":{"0":1,"3":1,"4":1,"5":1,"6":1,"9":1,"10":1,"11":1,"12":1,"15":1,"16":1,"17":1,"18":1,"21":1,"22":1,"23":1,"24":1,"27":1,"28":1,"29":1,"30":1},"branchMap":{},"b":{},"fnMap":{},"f":{}}
,"/private/var/folders/xv/bkj1f4dx1jzd5k2_0pkg8k8h0000gn/T/vibe-kanban/worktrees/7bdb-3-add-unit-and-i/unusual-whales-mcp/src/schemas/flow.ts": {"path":"/private/var/folders/xv/bkj1f4dx1jzd5k2_0pkg8k8h0000gn/T/vibe-kanban/worktrees/7bdb-3-add-unit-and-i/unusual-whales-mcp/src/schemas/flow.ts","all":false,"statementMap":{"0":{"start":{"line":1,"column":0},"end":{"line":1,"column":23}},"1":{"start":{"line":2,"column":0},"end":{"line":2,"column":39}},"4":{"start":{"line":5,"column":0},"end":{"line":5,"column":48}},"5":{"start":{"line":6,"column":0},"end":{"line":6,"column":100}},"6":{"start":{"line":7,"column":0},"end":{"line":7,"column":106}},"7":{"start":{"line":8,"column":0},"end":{"line":8,"column":115}},"8":{"start":{"line":9,"column":0},"end":{"line":9,"column":2}},"11":{"start":{"line":12,"column":0},"end":{"line":12,"column":57}},"13":{"start":{"line":14,"column":0},"end":{"line":14,"column":164}},"14":{"start":{"line":15,"column":0},"end":{"line":15,"column":164}},"15":{"start":{"line":16,"column":0},"end":{"line":16,"column":185}},"16":{"start":{"line":17,"column":0},"end":{"line":17,"column":185}},"19":{"start":{"line":20,"column":0},"end":{"line":20,"column":154}},"20":{"start":{"line":21,"column":0},"end":{"line":21,"column":91}},"21":{"start":{"line":22,"column":0},"end":{"line":22,"column":89}},"22":{"start":{"line":23,"column":0},"end":{"line":23,"column":97}},"23":{"start":{"line":24,"column":0},"end":{"line":24,"column":97}},"24":{"start":{"line":25,"column":0},"end":{"line":25,"column":105}},"25":{"start":{"line":26,"column":0},"end":{"line":26,"column":123}},"26":{"start":{"line":27,"column":0},"end":{"line":27,"column":124}},"29":{"start":{"line":30,"column":0},"end":{"line":30,"column":124}},"30":{"start":{"line":31,"column":0},"end":{"line":31,"column":111}},"33":{"start":{"line":34,"column":0},"end":{"line":34,"column":128}},"34":{"start":{"line":35,"column":0},"end":{"line":35,"column":128}},"37":{"start":{"line":38,"column":0},"end":{"line":38,"column":212}},"38":{"start":{"line":39,"column":0},"end":{"line":39,"column":212}},"41":{"start":{"line":42,"column":0},"end":{"line":42,"column":116}},"42":{"start":{"line":43,"column":0},"end":{"line":43,"column":116}},"43":{"start":{"line":44,"column":0},"end":{"line":44,"column":116}},"44":{"start":{"line":45,"column":0},"end":{"line":45,"column":116}},"45":{"start":{"line":46,"column":0},"end":{"line":46,"column":118}},"46":{"start":{"line":47,"column":0},"end":{"line":47,"column":118}},"47":{"start":{"line":48,"column":0},"end":{"line":48,"column":118}},"48":{"start":{"line":49,"column":0},"end":{"line":49,"column":118}},"51":{"start":{"line":52,"column":0},"end":{"line":52,"column":102}},"52":{"start":{"line":53,"column":0},"end":{"line":53,"column":102}},"55":{"start":{"line":56,"column":0},"end":{"line":56,"column":129}},"56":{"start":{"line":57,"column":0},"end":{"line":57,"column":129}},"59":{"start":{"line":60,"column":0},"end":{"line":60,"column":149}},"60":{"start":{"line":61,"column":0},"end":{"line":61,"column":149}},"63":{"start":{"line":64,"column":0},"end":{"line":64,"column":103}},"64":{"start":{"line":65,"column":0},"end":{"line":65,"column":103}},"67":{"start":{"line":68,"column":0},"end":{"line":68,"column":81}},"68":{"start":{"line":69,"column":0},"end":{"line":69,"column":81}},"71":{"start":{"line":72,"column":0},"end":{"line":72,"column":137}},"72":{"start":{"line":73,"column":0},"end":{"line":73,"column":137}},"75":{"start":{"line":76,"column":0},"end":{"line":76,"column":96}},"76":{"start":{"line":77,"column":0},"end":{"line":77,"column":96}},"77":{"start":{"line":78,"column":0},"end":{"line":78,"column":2}},"80":{"start":{"line":81,"column":0},"end":{"line":81,"column":52}},"81":{"start":{"line":82,"column":0},"end":{"line":82,"column":204}},"82":{"start":{"line":83,"column":0},"end":{"line":83,"column":175}},"83":{"start":{"line":84,"column":0},"end":{"line":84,"column":247}},"84":{"start":{"line":85,"column":0},"end":{"line":85,"column":2}},"87":{"start":{"line":88,"column":0},"end":{"line":88,"column":39}},"88":{"start":{"line":89,"column":0},"end":{"line":89,"column":74}},"89":{"start":{"line":90,"column":0},"end":{"line":90,"column":73}},"90":{"start":{"line":91,"column":0},"end":{"line":91,"column":75}},"91":{"start":{"line":92,"column":0},"end":{"line":92,"column":75}},"92":{"start":{"line":93,"column":0},"end":{"line":93,"column":25}},"93":{"start":{"line":94,"column":0},"end":{"line":94,"column":66}}},"s":{"0":1,"1":1,"4":1,"5":1,"6":1,"7":1,"8":1,"11":1,"13":1,"14":1,"15":1,"16":1,"19":1,"20":1,"21":1,"22":1,"23":1,"24":1,"25":1,"26":1,"29":1,"30":1,"33":1,"34":1,"37":1,"38":1,"41":1,"42":1,"43":1,"44":1,"45":1,"46":1,"47":1,"48":1,"51":1,"52":1,"55":1,"56":1,"59":1,"60":1,"63":1,"64":1,"67":1,"68":1,"71":1,"72":1,"75":1,"76":1,"77":1,"80":1,"81":1,"82":1,"83":1,"84":1,"87":1,"88":1,"89":1,"90":1,"91":1,"92":1,"93":1},"branchMap":{},"b":{},"fnMap":{},"f":{}}
,"/private/var/folders/xv/bkj1f4dx1jzd5k2_0pkg8k8h0000gn/T/vibe-kanban/worktrees/7bdb-3-add-unit-and-i/unusual-whales-mcp/src/schemas/index.ts": {"path":"/private/var/folders/xv/bkj1f4dx1jzd5k2_0pkg8k8h0000gn/T/vibe-kanban/worktrees/7bdb-3-add-unit-and-i/unusual-whales-mcp/src/schemas/index.ts","all":false,"statementMap":{"0":{"start":{"line":1,"column":0},"end":{"line":1,"column":23}},"11":{"start":{"line":12,"column":0},"end":{"line":12,"column":69}},"15":{"start":{"line":16,"column":0},"end":{"line":16,"column":3}},"16":{"start":{"line":17,"column":0},"end":{"line":17,"column":43}},"18":{"start":{"line":19,"column":0},"end":{"line":19,"column":71}},"19":{"start":{"line":20,"column":0},"end":{"line":20,"column":18}},"24":{"start":{"line":25,"column":0},"end":{"line":25,"column":1}},"29":{"start":{"line":30,"column":0},"end":{"line":30,"column":65}},"30":{"start":{"line":31,"column":0},"end":{"line":31,"column":62}},"31":{"start":{"line":32,"column":0},"end":{"line":32,"column":1}},"38":{"start":{"line":39,"column":0},"end":{"line":39,"column":8}},"55":{"start":{"line":56,"column":0},"end":{"line":56,"column":8}},"64":{"start":{"line":65,"column":0},"end":{"line":65,"column":8}},"72":{"start":{"line":73,"column":0},"end":{"line":73,"column":8}},"78":{"start":{"line":79,"column":0},"end":{"line":79,"column":8}},"84":{"start":{"line":85,"column":0},"end":{"line":85,"column":8}},"89":{"start":{"line":90,"column":0},"end":{"line":90,"column":8}}},"s":{"0":1,"11":1,"15":21,"16":21,"18":21,"19":21,"24":21,"29":1,"30":10,"31":10,"38":1,"55":1,"64":1,"72":1,"78":1,"84":1,"89":1},"branchMap":{"0":{"type":"branch","line":12,"loc":{"start":{"line":12,"column":7},"end":{"line":25,"column":1}},"locations":[{"start":{"line":12,"column":7},"end":{"line":25,"column":1}}]},"1":{"type":"branch","line":30,"loc":{"start":{"line":30,"column":7},"end":{"line":32,"column":1}},"locations":[{"start":{"line":30,"column":7},"end":{"line":32,"column":1}}]},"2":{"type":"branch","line":31,"loc":{"start":{"line":31,"column":26},"end":{"line":31,"column":50}},"locations":[{"start":{"line":31,"column":26},"end":{"line":31,"column":50}}]}},"b":{"0":[21],"1":[10],"2":[11]},"fnMap":{"0":{"name":"toJsonSchema","decl":{"start":{"line":12,"column":7},"end":{"line":25,"column":1}},"loc":{"start":{"line":12,"column":7},"end":{"line":25,"column":1}},"line":12},"1":{"name":"formatZodError","decl":{"start":{"line":30,"column":7},"end":{"line":32,"column":1}},"loc":{"start":{"line":30,"column":7},"end":{"line":32,"column":1}},"line":30}},"f":{"0":21,"1":10}}
,"/private/var/folders/xv/bkj1f4dx1jzd5k2_0pkg8k8h0000gn/T/vibe-kanban/worktrees/7bdb-3-add-unit-and-i/unusual-whales-mcp/src/schemas/insider.ts": {"path":"/private/var/folders/xv/bkj1f4dx1jzd5k2_0pkg8k8h0000gn/T/vibe-kanban/worktrees/7bdb-3-add-unit-and-i/unusual-whales-mcp/src/schemas/insider.ts","all":false,"statementMap":{"0":{"start":{"line":1,"column":0},"end":{"line":1,"column":23}},"3":{"start":{"line":4,"column":0},"end":{"line":4,"column":57}},"5":{"start":{"line":6,"column":0},"end":{"line":6,"column":143}},"6":{"start":{"line":7,"column":0},"end":{"line":7,"column":143}},"7":{"start":{"line":8,"column":0},"end":{"line":8,"column":116}},"10":{"start":{"line":11,"column":0},"end":{"line":11,"column":172}},"11":{"start":{"line":12,"column":0},"end":{"line":12,"column":172}},"14":{"start":{"line":15,"column":0},"end":{"line":15,"column":151}},"15":{"start":{"line":16,"column":0},"end":{"line":16,"column":151}},"18":{"start":{"line":19,"column":0},"end":{"line":19,"column":140}},"19":{"start":{"line":20,"column":0},"end":{"line":20,"column":143}},"20":{"start":{"line":21,"column":0},"end":{"line":21,"column":2}}},"s":{"0":1,"3":1,"5":1,"6":1,"7":1,"10":1,"11":1,"14":1,"15":1,"18":1,"19":1,"20":1},"branchMap":{},"b":{},"fnMap":{},"f":{}}
,"/private/var/folders/xv/bkj1f4dx1jzd5k2_0pkg8k8h0000gn/T/vibe-kanban/worktrees/7bdb-3-add-unit-and-i/unusual-whales-mcp/src/schemas/screener.ts": {"path":"/private/var/folders/xv/bkj1f4dx1jzd5k2_0pkg8k8h0000gn/T/vibe-kanban/worktrees/7bdb-3-add-unit-and-i/unusual-whales-mcp/src/schemas/screener.ts","all":false,"statementMap":{"0":{"start":{"line":1,"column":0},"end":{"line":1,"column":23}},"1":{"start":{"line":2,"column":0},"end":{"line":2,"column":39}},"4":{"start":{"line":5,"column":0},"end":{"line":5,"column":52}},"6":{"start":{"line":7,"column":0},"end":{"line":7,"column":111}},"7":{"start":{"line":8,"column":0},"end":{"line":8,"column":130}},"10":{"start":{"line":11,"column":0},"end":{"line":11,"column":115}},"11":{"start":{"line":12,"column":0},"end":{"line":12,"column":115}},"14":{"start":{"line":15,"column":0},"end":{"line":15,"column":82}},"15":{"start":{"line":16,"column":0},"end":{"line":16,"column":82}},"18":{"start":{"line":19,"column":0},"end":{"line":19,"column":132}},"19":{"start":{"line":20,"column":0},"end":{"line":20,"column":125}},"22":{"start":{"line":23,"column":0},"end":{"line":23,"column":130}},"23":{"start":{"line":24,"column":0},"end":{"line":24,"column":130}},"24":{"start":{"line":25,"column":0},"end":{"line":25,"column":139}},"25":{"start":{"line":26,"column":0},"end":{"line":26,"column":139}},"26":{"start":{"line":27,"column":0},"end":{"line":27,"column":136}},"27":{"start":{"line":28,"column":0},"end":{"line":28,"column":136}},"30":{"start":{"line":31,"column":0},"end":{"line":31,"column":132}},"31":{"start":{"line":32,"column":0},"end":{"line":32,"column":132}},"32":{"start":{"line":33,"column":0},"end":{"line":33,"column":141}},"33":{"start":{"line":34,"column":0},"end":{"line":34,"column":141}},"34":{"start":{"line":35,"column":0},"end":{"line":35,"column":138}},"35":{"start":{"line":36,"column":0},"end":{"line":36,"column":138}},"38":{"start":{"line":39,"column":0},"end":{"line":39,"column":135}},"39":{"start":{"line":40,"column":0},"end":{"line":40,"column":135}},"40":{"start":{"line":41,"column":0},"end":{"line":41,"column":152}},"41":{"start":{"line":42,"column":0},"end":{"line":42,"column":152}},"42":{"start":{"line":43,"column":0},"end":{"line":43,"column":150}},"43":{"start":{"line":44,"column":0},"end":{"line":44,"column":150}},"46":{"start":{"line":47,"column":0},"end":{"line":47,"column":90}},"47":{"start":{"line":48,"column":0},"end":{"line":48,"column":90}},"48":{"start":{"line":49,"column":0},"end":{"line":49,"column":100}},"49":{"start":{"line":50,"column":0},"end":{"line":50,"column":100}},"52":{"start":{"line":53,"column":0},"end":{"line":53,"column":83}},"53":{"start":{"line":54,"column":0},"end":{"line":54,"column":83}},"54":{"start":{"line":55,"column":0},"end":{"line":55,"column":157}},"55":{"start":{"line":56,"column":0},"end":{"line":56,"column":157}},"58":{"start":{"line":59,"column":0},"end":{"line":59,"column":105}},"59":{"start":{"line":60,"column":0},"end":{"line":60,"column":105}},"60":{"start":{"line":61,"column":0},"end":{"line":61,"column":103}},"61":{"start":{"line":62,"column":0},"end":{"line":62,"column":103}},"64":{"start":{"line":65,"column":0},"end":{"line":65,"column":87}},"65":{"start":{"line":66,"column":0},"end":{"line":66,"column":87}},"66":{"start":{"line":67,"column":0},"end":{"line":67,"column":85}},"67":{"start":{"line":68,"column":0},"end":{"line":68,"column":85}},"70":{"start":{"line":71,"column":0},"end":{"line":71,"column":117}},"71":{"start":{"line":72,"column":0},"end":{"line":72,"column":117}},"72":{"start":{"line":73,"column":0},"end":{"line":73,"column":95}},"73":{"start":{"line":74,"column":0},"end":{"line":74,"column":95}},"74":{"start":{"line":75,"column":0},"end":{"line":75,"column":93}},"75":{"start":{"line":76,"column":0},"end":{"line":76,"column":93}},"78":{"start":{"line":79,"column":0},"end":{"line":79,"column":104}},"79":{"start":{"line":80,"column":0},"end":{"line":80,"column":104}},"82":{"start":{"line":83,"column":0},"end":{"line":83,"column":86}},"83":{"start":{"line":84,"column":0},"end":{"line":84,"column":86}},"86":{"start":{"line":87,"column":0},"end":{"line":87,"column":137}},"87":{"start":{"line":88,"column":0},"end":{"line":88,"column":121}},"90":{"start":{"line":91,"column":0},"end":{"line":91,"column":141}},"91":{"start":{"line":92,"column":0},"end":{"line":92,"column":2}},"94":{"start":{"line":95,"column":0},"end":{"line":95,"column":61}},"96":{"start":{"line":97,"column":0},"end":{"line":97,"column":75}},"97":{"start":{"line":98,"column":0},"end":{"line":98,"column":79}},"100":{"start":{"line":101,"column":0},"end":{"line":101,"column":78}},"101":{"start":{"line":102,"column":0},"end":{"line":102,"column":78}},"104":{"start":{"line":105,"column":0},"end":{"line":105,"column":158}},"107":{"start":{"line":108,"column":0},"end":{"line":108,"column":77}},"108":{"start":{"line":109,"column":0},"end":{"line":109,"column":77}},"111":{"start":{"line":112,"column":0},"end":{"line":112,"column":69}},"112":{"start":{"line":113,"column":0},"end":{"line":113,"column":69}},"115":{"start":{"line":116,"column":0},"end":{"line":116,"column":88}},"118":{"start":{"line":119,"column":0},"end":{"line":119,"column":91}},"121":{"start":{"line":122,"column":0},"end":{"line":122,"column":70}},"122":{"start":{"line":123,"column":0},"end":{"line":123,"column":70}},"125":{"start":{"line":126,"column":0},"end":{"line":126,"column":100}},"126":{"start":{"line":127,"column":0},"end":{"line":127,"column":100}},"129":{"start":{"line":130,"column":0},"end":{"line":130,"column":126}},"130":{"start":{"line":131,"column":0},"end":{"line":131,"column":126}},"131":{"start":{"line":132,"column":0},"end":{"line":132,"column":139}},"132":{"start":{"line":133,"column":0},"end":{"line":133,"column":139}},"135":{"start":{"line":136,"column":0},"end":{"line":136,"column":113}},"136":{"start":{"line":137,"column":0},"end":{"line":137,"column":113}},"139":{"start":{"line":140,"column":0},"end":{"line":140,"column":106}},"140":{"start":{"line":141,"column":0},"end":{"line":141,"column":106}},"143":{"start":{"line":144,"column":0},"end":{"line":144,"column":128}},"144":{"start":{"line":145,"column":0},"end":{"line":145,"column":128}},"145":{"start":{"line":146,"column":0},"end":{"line":146,"column":124}},"146":{"start":{"line":147,"column":0},"end":{"line":147,"column":124}},"149":{"start":{"line":150,"column":0},"end":{"line":150,"column":89}},"150":{"start":{"line":151,"column":0},"end":{"line":151,"column":89}},"153":{"start":{"line":154,"column":0},"end":{"line":154,"column":104}},"154":{"start":{"line":155,"column":0},"end":{"line":155,"column":104}},"157":{"start":{"line":158,"column":0},"end":{"line":158,"column":114}},"158":{"start":{"line":159,"column":0},"end":{"line":159,"column":114}},"161":{"start":{"line":162,"column":0},"end":{"line":162,"column":112}},"162":{"start":{"line":163,"column":0},"end":{"line":163,"column":112}},"165":{"start":{"line":166,"column":0},"end":{"line":166,"column":119}},"168":{"start":{"line":169,"column":0},"end":{"line":169,"column":111}},"171":{"start":{"line":172,"column":0},"end":{"line":172,"column":110}},"172":{"start":{"line":173,"column":0},"end":{"line":173,"column":110}},"173":{"start":{"line":174,"column":0},"end":{"line":174,"column":110}},"174":{"start":{"line":175,"column":0},"end":{"line":175,"column":110}},"177":{"start":{"line":178,"column":0},"end":{"line":178,"column":153}},"178":{"start":{"line":179,"column":0},"end":{"line":179,"column":156}},"181":{"start":{"line":182,"column":0},"end":{"line":182,"column":75}},"182":{"start":{"line":183,"column":0},"end":{"line":183,"column":75}},"183":{"start":{"line":184,"column":0},"end":{"line":184,"column":75}},"184":{"start":{"line":185,"column":0},"end":{"line":185,"column":75}},"187":{"start":{"line":188,"column":0},"end":{"line":188,"column":153}},"188":{"start":{"line":189,"column":0},"end":{"line":189,"column":153}},"189":{"start":{"line":190,"column":0},"end":{"line":190,"column":153}},"190":{"start":{"line":191,"column":0},"end":{"line":191,"column":153}},"193":{"start":{"line":194,"column":0},"end":{"line":194,"column":153}},"194":{"start":{"line":195,"column":0},"end":{"line":195,"column":153}},"197":{"start":{"line":198,"column":0},"end":{"line":198,"column":166}},"198":{"start":{"line":199,"column":0},"end":{"line":199,"column":166}},"201":{"start":{"line":202,"column":0},"end":{"line":202,"column":87}},"202":{"start":{"line":203,"column":0},"end":{"line":203,"column":87}},"205":{"start":{"line":206,"column":0},"end":{"line":206,"column":78}},"206":{"start":{"line":207,"column":0},"end":{"line":207,"column":78}},"207":{"start":{"line":208,"column":0},"end":{"line":208,"column":76}},"208":{"start":{"line":209,"column":0},"end":{"line":209,"column":76}},"209":{"start":{"line":210,"column":0},"end":{"line":210,"column":76}},"210":{"start":{"line":211,"column":0},"end":{"line":211,"column":76}},"211":{"start":{"line":212,"column":0},"end":{"line":212,"column":74}},"212":{"start":{"line":213,"column":0},"end":{"line":213,"column":74}},"215":{"start":{"line":216,"column":0},"end":{"line":216,"column":107}},"216":{"start":{"line":217,"column":0},"end":{"line":217,"column":107}},"219":{"start":{"line":220,"column":0},"end":{"line":220,"column":112}},"220":{"start":{"line":221,"column":0},"end":{"line":221,"column":112}},"221":{"start":{"line":222,"column":0},"end":{"line":222,"column":102}},"222":{"start":{"line":223,"column":0},"end":{"line":223,"column":102}},"225":{"start":{"line":226,"column":0},"end":{"line":226,"column":154}},"226":{"start":{"line":227,"column":0},"end":{"line":227,"column":154}},"229":{"start":{"line":230,"column":0},"end":{"line":230,"column":102}},"230":{"start":{"line":231,"column":0},"end":{"line":231,"column":102}},"233":{"start":{"line":234,"column":0},"end":{"line":234,"column":131}},"234":{"start":{"line":235,"column":0},"end":{"line":235,"column":131}},"235":{"start":{"line":236,"column":0},"end":{"line":236,"column":133}},"236":{"start":{"line":237,"column":0},"end":{"line":237,"column":133}},"239":{"start":{"line":240,"column":0},"end":{"line":240,"column":85}},"240":{"start":{"line":241,"column":0},"end":{"line":241,"column":85}},"243":{"start":{"line":244,"column":0},"end":{"line":244,"column":105}},"244":{"start":{"line":245,"column":0},"end":{"line":245,"column":105}},"247":{"start":{"line":248,"column":0},"end":{"line":248,"column":93}},"248":{"start":{"line":249,"column":0},"end":{"line":249,"column":93}},"251":{"start":{"line":252,"column":0},"end":{"line":252,"column":133}},"252":{"start":{"line":253,"column":0},"end":{"line":253,"column":2}}},"s":{"0":1,"1":1,"4":1,"6":1,"7":1,"10":1,"11":1,"14":1,"15":1,"18":1,"19":1,"22":1,"23":1,"24":1,"25":1,"26":1,"27":1,"30":1,"31":1,"32":1,"33":1,"34":1,"35":1,"38":1,"39":1,"40":1,"41":1,"42":1,"43":1,"46":1,"47":1,"48":1,"49":1,"52":1,"53":1,"54":1,"55":1,"58":1,"59":1,"60":1,"61":1,"64":1,"65":1,"66":1,"67":1,"70":1,"71":1,"72":1,"73":1,"74":1,"75":1,"78":1,"79":1,"82":1,"83":1,"86":1,"87":1,"90":1,"91":1,"94":1,"96":1,"97":1,"100":1,"101":1,"104":1,"107":1,"108":1,"111":1,"112":1,"115":1,"118":1,"121":1,"122":1,"125":1,"126":1,"129":1,"130":1,"131":1,"132":1,"135":1,"136":1,"139":1,"140":1,"143":1,"144":1,"145":1,"146":1,"149":1,"150":1,"153":1,"154":1,"157":1,"158":1,"161":1,"162":1,"165":1,"168":1,"171":1,"172":1,"173":1,"174":1,"177":1,"178":1,"181":1,"182":1,"183":1,"184":1,"187":1,"188":1,"189":1,"190":1,"193":1,"194":1,"197":1,"198":1,"201":1,"202":1,"205":1,"206":1,"207":1,"208":1,"209":1,"210":1,"211":1,"212":1,"215":1,"216":1,"219":1,"220":1,"221":1,"222":1,"225":1,"226":1,"229":1,"230":1,"233":1,"234":1,"235":1,"236":1,"239":1,"240":1,"243":1,"244":1,"247":1,"248":1,"251":1,"252":1},"branchMap":{},"b":{},"fnMap":{},"f":{}}
,"/private/var/folders/xv/bkj1f4dx1jzd5k2_0pkg8k8h0000gn/T/vibe-kanban/worktrees/7bdb-3-add-unit-and-i/unusual-whales-mcp/src/schemas/seasonality.ts": {"path":"/private/var/folders/xv/bkj1f4dx1jzd5k2_0pkg8k8h0000gn/T/vibe-kanban/worktrees/7bdb-3-add-unit-and-i/unusual-whales-mcp/src/schemas/seasonality.ts","all":false,"statementMap":{"0":{"start":{"line":1,"column":0},"end":{"line":1,"column":23}},"3":{"start":{"line":4,"column":0},"end":{"line":4,"column":48}},"4":{"start":{"line":5,"column":0},"end":{"line":5,"column":62}},"5":{"start":{"line":6,"column":0},"end":{"line":6,"column":60}},"6":{"start":{"line":7,"column":0},"end":{"line":7,"column":53}}},"s":{"0":1,"3":1,"4":1,"5":1,"6":1},"branchMap":{},"b":{},"fnMap":{},"f":{}}
,"/private/var/folders/xv/bkj1f4dx1jzd5k2_0pkg8k8h0000gn/T/vibe-kanban/worktrees/7bdb-3-add-unit-and-i/unusual-whales-mcp/src/schemas/stock.ts": {"path":"/private/var/folders/xv/bkj1f4dx1jzd5k2_0pkg8k8h0000gn/T/vibe-kanban/worktrees/7bdb-3-add-unit-and-i/unusual-whales-mcp/src/schemas/stock.ts","all":false,"statementMap":{"0":{"start":{"line":1,"column":0},"end":{"line":1,"column":23}},"3":{"start":{"line":4,"column":0},"end":{"line":4,"column":53}},"4":{"start":{"line":5,"column":0},"end":{"line":5,"column":119}},"5":{"start":{"line":6,"column":0},"end":{"line":6,"column":126}},"6":{"start":{"line":7,"column":0},"end":{"line":7,"column":113}},"7":{"start":{"line":8,"column":0},"end":{"line":8,"column":132}},"8":{"start":{"line":9,"column":0},"end":{"line":9,"column":103}},"9":{"start":{"line":10,"column":0},"end":{"line":10,"column":123}},"10":{"start":{"line":11,"column":0},"end":{"line":11,"column":2}},"13":{"start":{"line":14,"column":0},"end":{"line":14,"column":48}},"14":{"start":{"line":15,"column":0},"end":{"line":15,"column":97}},"15":{"start":{"line":16,"column":0},"end":{"line":16,"column":97}},"16":{"start":{"line":17,"column":0},"end":{"line":17,"column":91}},"17":{"start":{"line":18,"column":0},"end":{"line":18,"column":124}},"18":{"start":{"line":19,"column":0},"end":{"line":19,"column":115}},"19":{"start":{"line":20,"column":0},"end":{"line":20,"column":2}}},"s":{"0":1,"3":1,"4":1,"5":1,"6":1,"7":1,"8":1,"9":1,"10":1,"13":1,"14":1,"15":1,"16":1,"17":1,"18":1,"19":1},"branchMap":{},"b":{},"fnMap":{},"f":{}}
,"/private/var/folders/xv/bkj1f4dx1jzd5k2_0pkg8k8h0000gn/T/vibe-kanban/worktrees/7bdb-3-add-unit-and-i/unusual-whales-mcp/src/tools/alerts.ts": {"path":"/private/var/folders/xv/bkj1f4dx1jzd5k2_0pkg8k8h0000gn/T/vibe-kanban/worktrees/7bdb-3-add-unit-and-i/unusual-whales-mcp/src/tools/alerts.ts","all":false,"statementMap":{"0":{"start":{"line":1,"column":0},"end":{"line":1,"column":23}},"1":{"start":{"line":2,"column":0},"end":{"line":2,"column":67}},"2":{"start":{"line":3,"column":0},"end":{"line":3,"column":79}},"4":{"start":{"line":5,"column":0},"end":{"line":5,"column":59}},"6":{"start":{"line":7,"column":0},"end":{"line":7,"column":36}},"7":{"start":{"line":8,"column":0},"end":{"line":8,"column":66}},"8":{"start":{"line":9,"column":0},"end":{"line":9,"column":32}},"9":{"start":{"line":10,"column":0},"end":{"line":10,"column":169}},"10":{"start":{"line":11,"column":0},"end":{"line":11,"column":78}},"11":{"start":{"line":12,"column":0},"end":{"line":12,"column":76}},"12":{"start":{"line":13,"column":0},"end":{"line":13,"column":77}},"13":{"start":{"line":14,"column":0},"end":{"line":14,"column":104}},"14":{"start":{"line":15,"column":0},"end":{"line":15,"column":104}},"15":{"start":{"line":16,"column":0},"end":{"line":16,"column":2}},"18":{"start":{"line":19,"column":0},"end":{"line":19,"column":27}},"19":{"start":{"line":20,"column":0},"end":{"line":20,"column":20}},"20":{"start":{"line":21,"column":0},"end":{"line":21,"column":68}},"25":{"start":{"line":26,"column":0},"end":{"line":26,"column":47}},"26":{"start":{"line":27,"column":0},"end":{"line":27,"column":16}},"27":{"start":{"line":28,"column":0},"end":{"line":28,"column":23}},"28":{"start":{"line":29,"column":0},"end":{"line":29,"column":25}},"29":{"start":{"line":30,"column":0},"end":{"line":30,"column":24}},"30":{"start":{"line":31,"column":0},"end":{"line":31,"column":4}},"31":{"start":{"line":32,"column":0},"end":{"line":32,"column":1}},"39":{"start":{"line":40,"column":0},"end":{"line":40,"column":84}},"40":{"start":{"line":41,"column":0},"end":{"line":41,"column":50}},"41":{"start":{"line":42,"column":0},"end":{"line":42,"column":24}},"42":{"start":{"line":43,"column":0},"end":{"line":43,"column":72}},"43":{"start":{"line":44,"column":0},"end":{"line":44,"column":3}},"45":{"start":{"line":46,"column":0},"end":{"line":46,"column":118}},"47":{"start":{"line":48,"column":0},"end":{"line":48,"column":19}},"48":{"start":{"line":49,"column":0},"end":{"line":49,"column":18}},"49":{"start":{"line":50,"column":0},"end":{"line":50,"column":58}},"50":{"start":{"line":51,"column":0},"end":{"line":51,"column":14}},"51":{"start":{"line":52,"column":0},"end":{"line":52,"column":23}},"52":{"start":{"line":53,"column":0},"end":{"line":53,"column":22}},"53":{"start":{"line":54,"column":0},"end":{"line":54,"column":35}},"54":{"start":{"line":55,"column":0},"end":{"line":55,"column":35}},"55":{"start":{"line":56,"column":0},"end":{"line":56,"column":19}},"56":{"start":{"line":57,"column":0},"end":{"line":57,"column":19}},"57":{"start":{"line":58,"column":0},"end":{"line":58,"column":9}},"59":{"start":{"line":60,"column":0},"end":{"line":60,"column":26}},"60":{"start":{"line":61,"column":0},"end":{"line":61,"column":71}},"62":{"start":{"line":63,"column":0},"end":{"line":63,"column":12}},"63":{"start":{"line":64,"column":0},"end":{"line":64,"column":53}},"64":{"start":{"line":65,"column":0},"end":{"line":65,"column":3}},"65":{"start":{"line":66,"column":0},"end":{"line":66,"column":1}}},"s":{"0":1,"1":1,"2":1,"4":1,"6":1,"7":1,"8":1,"9":1,"10":1,"11":1,"12":1,"13":1,"14":1,"15":1,"18":1,"19":1,"20":1,"25":1,"26":1,"27":1,"28":1,"29":1,"30":1,"31":1,"39":0,"40":0,"41":0,"42":0,"43":0,"45":0,"47":0,"48":0,"49":0,"50":0,"51":0,"52":0,"53":0,"54":0,"55":0,"56":0,"57":0,"59":0,"60":0,"62":0,"63":0,"64":0,"65":0},"branchMap":{},"b":{},"fnMap":{"0":{"name":"handleAlerts","decl":{"start":{"line":40,"column":0},"end":{"line":66,"column":1}},"loc":{"start":{"line":40,"column":0},"end":{"line":66,"column":1}},"line":40}},"f":{"0":0}}
,"/private/var/folders/xv/bkj1f4dx1jzd5k2_0pkg8k8h0000gn/T/vibe-kanban/worktrees/7bdb-3-add-unit-and-i/unusual-whales-mcp/src/tools/congress.ts": {"path":"/private/var/folders/xv/bkj1f4dx1jzd5k2_0pkg8k8h0000gn/T/vibe-kanban/worktrees/7bdb-3-add-unit-and-i/unusual-whales-mcp/src/tools/congress.ts","all":false,"statementMap":{"0":{"start":{"line":1,"column":0},"end":{"line":1,"column":23}},"1":{"start":{"line":2,"column":0},"end":{"line":2,"column":67}},"2":{"start":{"line":3,"column":0},"end":{"line":3,"column":105}},"4":{"start":{"line":5,"column":0},"end":{"line":5,"column":85}},"6":{"start":{"line":7,"column":0},"end":{"line":7,"column":38}},"7":{"start":{"line":8,"column":0},"end":{"line":8,"column":68}},"8":{"start":{"line":9,"column":0},"end":{"line":9,"column":92}},"9":{"start":{"line":10,"column":0},"end":{"line":10,"column":34}},"10":{"start":{"line":11,"column":0},"end":{"line":11,"column":30}},"11":{"start":{"line":12,"column":0},"end":{"line":12,"column":93}},"12":{"start":{"line":13,"column":0},"end":{"line":13,"column":2}},"15":{"start":{"line":16,"column":0},"end":{"line":16,"column":29}},"16":{"start":{"line":17,"column":0},"end":{"line":17,"column":22}},"17":{"start":{"line":18,"column":0},"end":{"line":18,"column":96}},"23":{"start":{"line":24,"column":0},"end":{"line":24,"column":49}},"24":{"start":{"line":25,"column":0},"end":{"line":25,"column":16}},"25":{"start":{"line":26,"column":0},"end":{"line":26,"column":23}},"26":{"start":{"line":27,"column":0},"end":{"line":27,"column":25}},"27":{"start":{"line":28,"column":0},"end":{"line":28,"column":24}},"28":{"start":{"line":29,"column":0},"end":{"line":29,"column":4}},"29":{"start":{"line":30,"column":0},"end":{"line":30,"column":1}},"37":{"start":{"line":38,"column":0},"end":{"line":38,"column":86}},"38":{"start":{"line":39,"column":0},"end":{"line":39,"column":52}},"39":{"start":{"line":40,"column":0},"end":{"line":40,"column":24}},"40":{"start":{"line":41,"column":0},"end":{"line":41,"column":72}},"41":{"start":{"line":42,"column":0},"end":{"line":42,"column":3}},"43":{"start":{"line":44,"column":0},"end":{"line":44,"column":59}},"45":{"start":{"line":46,"column":0},"end":{"line":46,"column":19}},"46":{"start":{"line":47,"column":0},"end":{"line":47,"column":25}},"47":{"start":{"line":48,"column":0},"end":{"line":48,"column":74}},"48":{"start":{"line":49,"column":0},"end":{"line":49,"column":13}},"49":{"start":{"line":50,"column":0},"end":{"line":50,"column":15}},"50":{"start":{"line":51,"column":0},"end":{"line":51,"column":14}},"51":{"start":{"line":52,"column":0},"end":{"line":52,"column":9}},"53":{"start":{"line":54,"column":0},"end":{"line":54,"column":24}},"54":{"start":{"line":55,"column":0},"end":{"line":55,"column":73}},"55":{"start":{"line":56,"column":0},"end":{"line":56,"column":13}},"56":{"start":{"line":57,"column":0},"end":{"line":57,"column":15}},"57":{"start":{"line":58,"column":0},"end":{"line":58,"column":14}},"58":{"start":{"line":59,"column":0},"end":{"line":59,"column":9}},"60":{"start":{"line":61,"column":0},"end":{"line":61,"column":27}},"61":{"start":{"line":62,"column":0},"end":{"line":62,"column":55}},"62":{"start":{"line":63,"column":0},"end":{"line":63,"column":76}},"63":{"start":{"line":64,"column":0},"end":{"line":64,"column":13}},"64":{"start":{"line":65,"column":0},"end":{"line":65,"column":13}},"65":{"start":{"line":66,"column":0},"end":{"line":66,"column":15}},"66":{"start":{"line":67,"column":0},"end":{"line":67,"column":14}},"67":{"start":{"line":68,"column":0},"end":{"line":68,"column":9}},"69":{"start":{"line":70,"column":0},"end":{"line":70,"column":12}},"70":{"start":{"line":71,"column":0},"end":{"line":71,"column":53}},"71":{"start":{"line":72,"column":0},"end":{"line":72,"column":3}},"72":{"start":{"line":73,"column":0},"end":{"line":73,"column":1}}},"s":{"0":1,"1":1,"2":1,"4":1,"6":1,"7":1,"8":1,"9":1,"10":1,"11":1,"12":1,"15":1,"16":1,"17":1,"23":1,"24":1,"25":1,"26":1,"27":1,"28":1,"29":1,"37":0,"38":0,"39":0,"40":0,"41":0,"43":0,"45":0,"46":0,"47":0,"48":0,"49":0,"50":0,"51":0,"53":0,"54":0,"55":0,"56":0,"57":0,"58":0,"60":0,"61":0,"62":0,"63":0,"64":0,"65":0,"66":0,"67":0,"69":0,"70":0,"71":0,"72":0},"branchMap":{},"b":{},"fnMap":{"0":{"name":"handleCongress","decl":{"start":{"line":38,"column":0},"end":{"line":73,"column":1}},"loc":{"start":{"line":38,"column":0},"end":{"line":73,"column":1}},"line":38}},"f":{"0":0}}
,"/private/var/folders/xv/bkj1f4dx1jzd5k2_0pkg8k8h0000gn/T/vibe-kanban/worktrees/7bdb-3-add-unit-and-i/unusual-whales-mcp/src/tools/darkpool.ts": {"path":"/private/var/folders/xv/bkj1f4dx1jzd5k2_0pkg8k8h0000gn/T/vibe-kanban/worktrees/7bdb-3-add-unit-and-i/unusual-whales-mcp/src/tools/darkpool.ts","all":false,"statementMap":{"0":{"start":{"line":1,"column":0},"end":{"line":1,"column":23}},"1":{"start":{"line":2,"column":0},"end":{"line":2,"column":79}},"2":{"start":{"line":3,"column":0},"end":{"line":3,"column":8}},"13":{"start":{"line":14,"column":0},"end":{"line":14,"column":53}},"15":{"start":{"line":16,"column":0},"end":{"line":16,"column":38}},"16":{"start":{"line":17,"column":0},"end":{"line":17,"column":68}},"17":{"start":{"line":18,"column":0},"end":{"line":18,"column":89}},"18":{"start":{"line":19,"column":0},"end":{"line":19,"column":30}},"19":{"start":{"line":20,"column":0},"end":{"line":20,"column":32}},"20":{"start":{"line":21,"column":0},"end":{"line":21,"column":83}},"21":{"start":{"line":22,"column":0},"end":{"line":22,"column":83}},"22":{"start":{"line":23,"column":0},"end":{"line":23,"column":29}},"23":{"start":{"line":24,"column":0},"end":{"line":24,"column":26}},"24":{"start":{"line":25,"column":0},"end":{"line":25,"column":28}},"27":{"start":{"line":28,"column":0},"end":{"line":28,"column":29}},"28":{"start":{"line":29,"column":0},"end":{"line":29,"column":22}},"29":{"start":{"line":30,"column":0},"end":{"line":30,"column":57}},"36":{"start":{"line":37,"column":0},"end":{"line":37,"column":49}},"37":{"start":{"line":38,"column":0},"end":{"line":38,"column":16}},"38":{"start":{"line":39,"column":0},"end":{"line":39,"column":23}},"39":{"start":{"line":40,"column":0},"end":{"line":40,"column":25}},"40":{"start":{"line":41,"column":0},"end":{"line":41,"column":24}},"41":{"start":{"line":42,"column":0},"end":{"line":42,"column":4}},"42":{"start":{"line":43,"column":0},"end":{"line":43,"column":1}},"50":{"start":{"line":51,"column":0},"end":{"line":51,"column":86}},"51":{"start":{"line":52,"column":0},"end":{"line":52,"column":52}},"52":{"start":{"line":53,"column":0},"end":{"line":53,"column":24}},"53":{"start":{"line":54,"column":0},"end":{"line":54,"column":72}},"54":{"start":{"line":55,"column":0},"end":{"line":55,"column":3}},"56":{"start":{"line":57,"column":0},"end":{"line":57,"column":9}},"57":{"start":{"line":58,"column":0},"end":{"line":58,"column":11}},"58":{"start":{"line":59,"column":0},"end":{"line":59,"column":11}},"59":{"start":{"line":60,"column":0},"end":{"line":60,"column":9}},"60":{"start":{"line":61,"column":0},"end":{"line":61,"column":10}},"61":{"start":{"line":62,"column":0},"end":{"line":62,"column":16}},"62":{"start":{"line":63,"column":0},"end":{"line":63,"column":16}},"63":{"start":{"line":64,"column":0},"end":{"line":64,"column":13}},"64":{"start":{"line":65,"column":0},"end":{"line":65,"column":13}},"65":{"start":{"line":66,"column":0},"end":{"line":66,"column":15}},"66":{"start":{"line":67,"column":0},"end":{"line":67,"column":15}},"67":{"start":{"line":68,"column":0},"end":{"line":68,"column":15}},"68":{"start":{"line":69,"column":0},"end":{"line":69,"column":15}},"69":{"start":{"line":70,"column":0},"end":{"line":70,"column":17}},"71":{"start":{"line":72,"column":0},"end":{"line":72,"column":19}},"72":{"start":{"line":73,"column":0},"end":{"line":73,"column":18}},"73":{"start":{"line":74,"column":0},"end":{"line":74,"column":67}},"74":{"start":{"line":75,"column":0},"end":{"line":75,"column":13}},"75":{"start":{"line":76,"column":0},"end":{"line":76,"column":14}},"76":{"start":{"line":77,"column":0},"end":{"line":77,"column":20}},"77":{"start":{"line":78,"column":0},"end":{"line":78,"column":20}},"78":{"start":{"line":79,"column":0},"end":{"line":79,"column":17}},"79":{"start":{"line":80,"column":0},"end":{"line":80,"column":17}},"80":{"start":{"line":81,"column":0},"end":{"line":81,"column":19}},"81":{"start":{"line":82,"column":0},"end":{"line":82,"column":19}},"82":{"start":{"line":83,"column":0},"end":{"line":83,"column":9}},"84":{"start":{"line":85,"column":0},"end":{"line":85,"column":18}},"85":{"start":{"line":86,"column":0},"end":{"line":86,"column":59}},"86":{"start":{"line":87,"column":0},"end":{"line":87,"column":82}},"87":{"start":{"line":88,"column":0},"end":{"line":88,"column":13}},"88":{"start":{"line":89,"column":0},"end":{"line":89,"column":14}},"89":{"start":{"line":90,"column":0},"end":{"line":90,"column":20}},"90":{"start":{"line":91,"column":0},"end":{"line":91,"column":20}},"91":{"start":{"line":92,"column":0},"end":{"line":92,"column":17}},"92":{"start":{"line":93,"column":0},"end":{"line":93,"column":17}},"93":{"start":{"line":94,"column":0},"end":{"line":94,"column":19}},"94":{"start":{"line":95,"column":0},"end":{"line":95,"column":19}},"95":{"start":{"line":96,"column":0},"end":{"line":96,"column":19}},"96":{"start":{"line":97,"column":0},"end":{"line":97,"column":19}},"97":{"start":{"line":98,"column":0},"end":{"line":98,"column":9}},"99":{"start":{"line":100,"column":0},"end":{"line":100,"column":12}},"100":{"start":{"line":101,"column":0},"end":{"line":101,"column":53}},"101":{"start":{"line":102,"column":0},"end":{"line":102,"column":3}},"102":{"start":{"line":103,"column":0},"end":{"line":103,"column":1}}},"s":{"0":1,"1":1,"2":1,"13":1,"15":1,"16":1,"17":1,"18":1,"19":1,"20":1,"21":1,"22":1,"23":1,"24":1,"27":1,"28":1,"29":1,"36":1,"37":1,"38":1,"39":1,"40":1,"41":1,"42":1,"50":0,"51":0,"52":0,"53":0,"54":0,"56":0,"57":0,"58":0,"59":0,"60":0,"61":0,"62":0,"63":0,"64":0,"65":0,"66":0,"67":0,"68":0,"69":0,"71":0,"72":0,"73":0,"74":0,"75":0,"76":0,"77":0,"78":0,"79":0,"80":0,"81":0,"82":0,"84":0,"85":0,"86":0,"87":0,"88":0,"89":0,"90":0,"91":0,"92":0,"93":0,"94":0,"95":0,"96":0,"97":0,"99":0,"100":0,"101":0,"102":0},"branchMap":{},"b":{},"fnMap":{"0":{"name":"handleDarkpool","decl":{"start":{"line":51,"column":0},"end":{"line":103,"column":1}},"loc":{"start":{"line":51,"column":0},"end":{"line":103,"column":1}},"line":51}},"f":{"0":0}}
,"/private/var/folders/xv/bkj1f4dx1jzd5k2_0pkg8k8h0000gn/T/vibe-kanban/worktrees/7bdb-3-add-unit-and-i/unusual-whales-mcp/src/tools/earnings.ts": {"path":"/private/var/folders/xv/bkj1f4dx1jzd5k2_0pkg8k8h0000gn/T/vibe-kanban/worktrees/7bdb-3-add-unit-and-i/unusual-whales-mcp/src/tools/earnings.ts","all":false,"statementMap":{"0":{"start":{"line":1,"column":0},"end":{"line":1,"column":23}},"1":{"start":{"line":2,"column":0},"end":{"line":2,"column":79}},"2":{"start":{"line":3,"column":0},"end":{"line":3,"column":77}},"5":{"start":{"line":6,"column":0},"end":{"line":6,"column":70}},"7":{"start":{"line":8,"column":0},"end":{"line":8,"column":38}},"8":{"start":{"line":9,"column":0},"end":{"line":9,"column":68}},"9":{"start":{"line":10,"column":0},"end":{"line":10,"column":80}},"10":{"start":{"line":11,"column":0},"end":{"line":11,"column":30}},"11":{"start":{"line":12,"column":0},"end":{"line":12,"column":32}},"12":{"start":{"line":13,"column":0},"end":{"line":13,"column":69}},"13":{"start":{"line":14,"column":0},"end":{"line":14,"column":2}},"16":{"start":{"line":17,"column":0},"end":{"line":17,"column":29}},"17":{"start":{"line":18,"column":0},"end":{"line":18,"column":22}},"18":{"start":{"line":19,"column":0},"end":{"line":19,"column":105}},"24":{"start":{"line":25,"column":0},"end":{"line":25,"column":49}},"25":{"start":{"line":26,"column":0},"end":{"line":26,"column":16}},"26":{"start":{"line":27,"column":0},"end":{"line":27,"column":23}},"27":{"start":{"line":28,"column":0},"end":{"line":28,"column":25}},"28":{"start":{"line":29,"column":0},"end":{"line":29,"column":24}},"29":{"start":{"line":30,"column":0},"end":{"line":30,"column":4}},"30":{"start":{"line":31,"column":0},"end":{"line":31,"column":1}},"38":{"start":{"line":39,"column":0},"end":{"line":39,"column":86}},"39":{"start":{"line":40,"column":0},"end":{"line":40,"column":52}},"40":{"start":{"line":41,"column":0},"end":{"line":41,"column":24}},"41":{"start":{"line":42,"column":0},"end":{"line":42,"column":72}},"42":{"start":{"line":43,"column":0},"end":{"line":43,"column":3}},"44":{"start":{"line":45,"column":0},"end":{"line":45,"column":59}},"46":{"start":{"line":47,"column":0},"end":{"line":47,"column":19}},"47":{"start":{"line":48,"column":0},"end":{"line":48,"column":21}},"48":{"start":{"line":49,"column":0},"end":{"line":49,"column":70}},"49":{"start":{"line":50,"column":0},"end":{"line":50,"column":13}},"50":{"start":{"line":51,"column":0},"end":{"line":51,"column":14}},"51":{"start":{"line":52,"column":0},"end":{"line":52,"column":13}},"52":{"start":{"line":53,"column":0},"end":{"line":53,"column":9}},"54":{"start":{"line":55,"column":0},"end":{"line":55,"column":22}},"55":{"start":{"line":56,"column":0},"end":{"line":56,"column":71}},"56":{"start":{"line":57,"column":0},"end":{"line":57,"column":13}},"57":{"start":{"line":58,"column":0},"end":{"line":58,"column":14}},"58":{"start":{"line":59,"column":0},"end":{"line":59,"column":13}},"59":{"start":{"line":60,"column":0},"end":{"line":60,"column":9}},"61":{"start":{"line":62,"column":0},"end":{"line":62,"column":18}},"62":{"start":{"line":63,"column":0},"end":{"line":63,"column":59}},"63":{"start":{"line":64,"column":0},"end":{"line":64,"column":81}},"65":{"start":{"line":66,"column":0},"end":{"line":66,"column":12}},"66":{"start":{"line":67,"column":0},"end":{"line":67,"column":53}},"67":{"start":{"line":68,"column":0},"end":{"line":68,"column":3}},"68":{"start":{"line":69,"column":0},"end":{"line":69,"column":1}}},"s":{"0":1,"1":1,"2":1,"5":1,"7":1,"8":1,"9":1,"10":1,"11":1,"12":1,"13":1,"16":1,"17":1,"18":1,"24":1,"25":1,"26":1,"27":1,"28":1,"29":1,"30":1,"38":0,"39":0,"40":0,"41":0,"42":0,"44":0,"46":0,"47":0,"48":0,"49":0,"50":0,"51":0,"52":0,"54":0,"55":0,"56":0,"57":0,"58":0,"59":0,"61":0,"62":0,"63":0,"65":0,"66":0,"67":0,"68":0},"branchMap":{},"b":{},"fnMap":{"0":{"name":"handleEarnings","decl":{"start":{"line":39,"column":0},"end":{"line":69,"column":1}},"loc":{"start":{"line":39,"column":0},"end":{"line":69,"column":1}},"line":39}},"f":{"0":0}}
[...]
"start":{"line":386,"column":0},"end":{"line":386,"column":40}},"386":{"start":{"line":387,"column":0},"end":{"line":387,"column":82}},"387":{"start":{"line":388,"column":0},"end":{"line":388,"column":107}},"388":{"start":{"line":389,"column":0},"end":{"line":389,"column":13}},"389":{"start":{"line":390,"column":0},"end":{"line":390,"column":19}},"390":{"start":{"line":391,"column":0},"end":{"line":391,"column":19}},"391":{"start":{"line":392,"column":0},"end":{"line":392,"column":9}},"393":{"start":{"line":394,"column":0},"end":{"line":394,"column":41}},"394":{"start":{"line":395,"column":0},"end":{"line":395,"column":100}},"395":{"start":{"line":396,"column":0},"end":{"line":396,"column":136}},"397":{"start":{"line":398,"column":0},"end":{"line":398,"column":31}},"398":{"start":{"line":399,"column":0},"end":{"line":399,"column":59}},"399":{"start":{"line":400,"column":0},"end":{"line":400,"column":111}},"401":{"start":{"line":402,"column":0},"end":{"line":402,"column":28}},"402":{"start":{"line":403,"column":0},"end":{"line":403,"column":59}},"403":{"start":{"line":404,"column":0},"end":{"line":404,"column":97}},"405":{"start":{"line":406,"column":0},"end":{"line":406,"column":37}},"406":{"start":{"line":407,"column":0},"end":{"line":407,"column":59}},"407":{"start":{"line":408,"column":0},"end":{"line":408,"column":106}},"409":{"start":{"line":410,"column":0},"end":{"line":410,"column":23}},"410":{"start":{"line":411,"column":0},"end":{"line":411,"column":59}},"411":{"start":{"line":412,"column":0},"end":{"line":412,"column":82}},"413":{"start":{"line":414,"column":0},"end":{"line":414,"column":29}},"414":{"start":{"line":415,"column":0},"end":{"line":415,"column":59}},"415":{"start":{"line":416,"column":0},"end":{"line":416,"column":88}},"417":{"start":{"line":418,"column":0},"end":{"line":418,"column":21}},"418":{"start":{"line":419,"column":0},"end":{"line":419,"column":59}},"419":{"start":{"line":420,"column":0},"end":{"line":420,"column":91}},"421":{"start":{"line":422,"column":0},"end":{"line":422,"column":29}},"422":{"start":{"line":423,"column":0},"end":{"line":423,"column":59}},"423":{"start":{"line":424,"column":0},"end":{"line":424,"column":78}},"425":{"start":{"line":426,"column":0},"end":{"line":426,"column":28}},"426":{"start":{"line":427,"column":0},"end":{"line":427,"column":83}},"428":{"start":{"line":429,"column":0},"end":{"line":429,"column":12}},"429":{"start":{"line":430,"column":0},"end":{"line":430,"column":53}},"430":{"start":{"line":431,"column":0},"end":{"line":431,"column":3}},"431":{"start":{"line":432,"column":0},"end":{"line":432,"column":1}}},"s":{"0":1,"1":1,"2":1,"22":1,"23":1,"24":1,"25":1,"26":1,"27":1,"28":1,"29":1,"30":1,"31":1,"32":1,"33":1,"34":1,"35":1,"36":1,"37":1,"38":1,"39":1,"40":1,"41":1,"42":1,"43":1,"44":1,"45":1,"46":1,"47":1,"48":1,"49":1,"50":1,"51":1,"52":1,"53":1,"54":1,"55":1,"56":1,"57":1,"58":1,"59":1,"60":1,"61":1,"62":1,"63":1,"64":1,"65":1,"66":1,"68":1,"69":1,"70":1,"71":1,"72":1,"73":1,"74":1,"75":1,"76":1,"77":1,"78":1,"79":1,"80":1,"81":1,"82":1,"84":1,"85":1,"87":1,"89":1,"90":1,"91":1,"92":1,"93":1,"96":1,"97":1,"98":1,"144":1,"145":1,"146":1,"147":1,"148":1,"149":1,"150":1,"158":35,"159":35,"160":35,"161":5,"162":5,"164":30,"165":30,"166":30,"167":30,"168":30,"169":30,"170":30,"171":30,"172":30,"173":30,"174":30,"175":30,"176":30,"177":30,"178":30,"180":30,"181":30,"183":30,"185":30,"187":30,"188":30,"189":30,"190":30,"191":30,"192":30,"194":30,"195":30,"196":30,"197":30,"198":30,"200":30,"201":30,"202":30,"205":35,"206":35,"207":35,"208":35,"210":35,"211":35,"212":5,"213":4,"215":35,"216":4,"217":1,"218":1,"219":1,"220":1,"221":1,"222":1,"224":35,"225":2,"226":1,"227":1,"228":1,"230":35,"231":1,"232":1,"233":1,"234":1,"235":1,"236":1,"237":1,"238":1,"239":1,"240":1,"241":1,"242":1,"243":1,"245":35,"246":1,"247":1,"249":35,"250":1,"251":1,"253":35,"254":0,"255":0,"257":35,"258":0,"259":0,"261":35,"262":0,"263":0,"264":0,"265":0,"266":0,"268":35,"269":0,"270":0,"272":35,"273":2,"274":1,"276":35,"277":1,"278":1,"280":35,"281":0,"282":0,"284":35,"285":0,"286":0,"288":35,"289":0,"290":0,"292":35,"293":0,"294":0,"296":35,"297":0,"298":0,"299":0,"300":0,"302":35,"303":0,"304":0,"306":35,"307":0,"308":0,"310":35,"311":3,"312":3,"313":1,"315":35,"316":0,"317":0,"319":35,"320":1,"321":1,"323":35,"324":0,"325":0,"327":35,"328":0,"329":0,"331":35,"332":0,"333":0,"334":0,"335":0,"336":0,"338":35,"339":0,"340":0,"342":35,"343":0,"344":0,"346":35,"347":0,"348":0,"350":35,"351":0,"352":0,"354":35,"355":0,"356":0,"358":35,"359":0,"360":0,"362":35,"363":2,"364":1,"365":1,"366":1,"367":1,"368":1,"369":1,"370":1,"371":1,"372":1,"373":1,"375":35,"376":0,"377":0,"378":0,"379":0,"380":0,"381":0,"382":0,"383":0,"385":35,"386":0,"387":0,"388":0,"389":0,"390":0,"391":0,"393":35,"394":2,"395":1,"397":35,"398":0,"399":0,"401":35,"402":0,"403":0,"405":35,"406":0,"407":0,"409":35,"410":0,"411":0,"413":35,"414":0,"415":0,"417":35,"418":0,"419":0,"421":35,"422":2,"423":1,"425":35,"426":3,"428":35,"429":0,"430":35,"431":35},"branchMap":{"0":{"type":"branch","line":159,"loc":{"start":{"line":159,"column":0},"end":{"line":432,"column":1}},"locations":[{"start":{"line":159,"column":0},"end":{"line":432,"column":1}}]},"1":{"type":"branch","line":161,"loc":{"start":{"line":161,"column":23},"end":{"line":163,"column":3}},"locations":[{"start":{"line":161,"column":23},"end":{"line":163,"column":3}}]},"2":{"type":"branch","line":163,"loc":{"start":{"line":163,"column":2},"end":{"line":206,"column":30}},"locations":[{"start":{"line":163,"column":2},"end":{"line":206,"column":30}}]},"3":{"type":"branch","line":206,"loc":{"start":{"line":206,"column":21},"end":{"line":206,"column":51}},"locations":[{"start":{"line":206,"column":21},"end":{"line":206,"column":51}}]},"4":{"type":"branch","line":206,"loc":{"start":{"line":206,"column":47},"end":{"line":206,"column":53}},"locations":[{"start":{"line":206,"column":47},"end":{"line":206,"column":53}}]},"5":{"type":"branch","line":207,"loc":{"start":{"line":207,"column":21},"end":{"line":207,"column":51}},"locations":[{"start":{"line":207,"column":21},"end":{"line":207,"column":51}}]},"6":{"type":"branch","line":207,"loc":{"start":{"line":207,"column":47},"end":{"line":207,"column":53}},"locations":[{"start":{"line":207,"column":47},"end":{"line":207,"column":53}}]},"7":{"type":"branch","line":208,"loc":{"start":{"line":208,"column":21},"end":{"line":208,"column":51}},"locations":[{"start":{"line":208,"column":21},"end":{"line":208,"column":51}}]},"8":{"type":"branch","line":208,"loc":{"start":{"line":208,"column":47},"end":{"line":208,"column":53}},"locations":[{"start":{"line":208,"column":47},"end":{"line":208,"column":53}}]},"9":{"type":"branch","line":209,"loc":{"start":{"line":209,"column":21},"end":{"line":209,"column":61}},"locations":[{"start":{"line":209,"column":21},"end":{"line":209,"column":61}}]},"10":{"type":"branch","line":209,"loc":{"start":{"line":209,"column":57},"end":{"line":209,"column":63}},"locations":[{"start":{"line":209,"column":57},"end":{"line":209,"column":63}}]},"11":{"type":"branch","line":212,"loc":{"start":{"line":212,"column":4},"end":{"line":214,"column":75}},"locations":[{"start":{"line":212,"column":4},"end":{"line":214,"column":75}}]},"12":{"type":"branch","line":213,"loc":{"start":{"line":213,"column":19},"end":{"line":214,"column":75}},"locations":[{"start":{"line":213,"column":19},"end":{"line":214,"column":75}}]},"13":{"type":"branch","line":213,"loc":{"start":{"line":213,"column":19},"end":{"line":213,"column":59}},"locations":[{"start":{"line":213,"column":19},"end":{"line":213,"column":59}}]},"14":{"type":"branch","line":216,"loc":{"start":{"line":216,"column":4},"end":{"line":223,"column":9}},"locations":[{"start":{"line":216,"column":4},"end":{"line":223,"column":9}}]},"15":{"type":"branch","line":217,"loc":{"start":{"line":217,"column":11},"end":{"line":217,"column":35}},"locations":[{"start":{"line":217,"column":11},"end":{"line":217,"column":35}}]},"16":{"type":"branch","line":217,"loc":{"start":{"line":217,"column":35},"end":{"line":217,"column":92}},"locations":[{"start":{"line":217,"column":35},"end":{"line":217,"column":92}}]},"17":{"type":"branch","line":217,"loc":{"start":{"line":217,"column":91},"end":{"line":223,"column":9}},"locations":[{"start":{"line":217,"column":91},"end":{"line":223,"column":9}}]},"18":{"type":"branch","line":225,"loc":{"start":{"line":225,"column":4},"end":{"line":229,"column":9}},"locations":[{"start":{"line":225,"column":4},"end":{"line":229,"column":9}}]},"19":{"type":"branch","line":226,"loc":{"start":{"line":226,"column":19},"end":{"line":229,"column":9}},"locations":[{"start":{"line":226,"column":19},"end":{"line":229,"column":9}}]},"20":{"type":"branch","line":231,"loc":{"start":{"line":231,"column":4},"end":{"line":244,"column":9}},"locations":[{"start":{"line":231,"column":4},"end":{"line":244,"column":9}}]},"21":{"type":"branch","line":232,"loc":{"start":{"line":232,"column":19},"end":{"line":232,"column":59}},"locations":[{"start":{"line":232,"column":19},"end":{"line":232,"column":59}}]},"22":{"type":"branch","line":246,"loc":{"start":{"line":246,"column":4},"end":{"line":248,"column":95}},"locations":[{"start":{"line":246,"column":4},"end":{"line":248,"column":95}}]},"23":{"type":"branch","line":247,"loc":{"start":{"line":247,"column":19},"end":{"line":247,"column":59}},"locations":[{"start":{"line":247,"column":19},"end":{"line":247,"column":59}}]},"24":{"type":"branch","line":250,"loc":{"start":{"line":250,"column":4},"end":{"line":252,"column":106}},"locations":[{"start":{"line":250,"column":4},"end":{"line":252,"column":106}}]},"25":{"type":"branch","line":251,"loc":{"start":{"line":251,"column":19},"end":{"line":251,"column":59}},"locations":[{"start":{"line":251,"column":19},"end":{"line":251,"column":59}}]},"26":{"type":"branch","line":254,"loc":{"start":{"line":254,"column":4},"end":{"line":256,"column":102}},"locations":[{"start":{"line":254,"column":4},"end":{"line":256,"column":102}}]},"27":{"type":"branch","line":258,"loc":{"start":{"line":258,"column":4},"end":{"line":260,"column":102}},"locations":[{"start":{"line":258,"column":4},"end":{"line":260,"column":102}}]},"28":{"type":"branch","line":262,"loc":{"start":{"line":262,"column":4},"end":{"line":267,"column":9}},"locations":[{"start":{"line":262,"column":4},"end":{"line":267,"column":9}}]},"29":{"type":"branch","line":269,"loc":{"start":{"line":269,"column":4},"end":{"line":271,"column":91}},"locations":[{"start":{"line":269,"column":4},"end":{"line":271,"column":91}}]},"30":{"type":"branch","line":273,"loc":{"start":{"line":273,"column":4},"end":{"line":275,"column":105}},"locations":[{"start":{"line":273,"column":4},"end":{"line":275,"column":105}}]},"31":{"type":"branch","line":274,"loc":{"start":{"line":274,"column":30},"end":{"line":275,"column":105}},"locations":[{"start":{"line":274,"column":30},"end":{"line":275,"column":105}}]},"32":{"type":"branch","line":277,"loc":{"start":{"line":277,"column":4},"end":{"line":279,"column":98}},"locations":[{"start":{"line":277,"column":4},"end":{"line":279,"column":98}}]},"33":{"type":"branch","line":278,"loc":{"start":{"line":278,"column":19},"end":{"line":278,"column":59}},"locations":[{"start":{"line":278,"column":19},"end":{"line":278,"column":59}}]},"34":{"type":"branch","line":281,"loc":{"start":{"line":281,"column":4},"end":{"line":283,"column":96}},"locations":[{"start":{"line":281,"column":4},"end":{"line":283,"column":96}}]},"35":{"type":"branch","line":285,"loc":{"start":{"line":285,"column":4},"end":{"line":287,"column":89}},"locations":[{"start":{"line":285,"column":4},"end":{"line":287,"column":89}}]},"36":{"type":"branch","line":289,"loc":{"start":{"line":289,"column":4},"end":{"line":291,"column":110}},"locations":[{"start":{"line":289,"column":4},"end":{"line":291,"column":110}}]},"37":{"type":"branch","line":293,"loc":{"start":{"line":293,"column":4},"end":{"line":295,"column":94}},"locations":[{"start":{"line":293,"column":4},"end":{"line":295,"column":94}}]},"38":{"type":"branch","line":297,"loc":{"start":{"line":297,"column":4},"end":{"line":301,"column":9}},"locations":[{"start":{"line":297,"column":4},"end":{"line":301,"column":9}}]},"39":{"type":"branch","line":303,"loc":{"start":{"line":303,"column":4},"end":{"line":305,"column":96}},"locations":[{"start":{"line":303,"column":4},"end":{"line":305,"column":96}}]},"40":{"type":"branch","line":307,"loc":{"start":{"line":307,"column":4},"end":{"line":309,"column":104}},"locations":[{"start":{"line":307,"column":4},"end":{"line":309,"column":104}}]},"41":{"type":"branch","line":311,"loc":{"start":{"line":311,"column":4},"end":{"line":314,"column":115}},"locations":[{"start":{"line":311,"column":4},"end":{"line":314,"column":115}}]},"42":{"type":"branch","line":312,"loc":{"start":{"line":312,"column":19},"end":{"line":312,"column":59}},"locations":[{"start":{"line":312,"column":19},"end":{"line":312,"column":59}}]},"43":{"type":"branch","line":313,"loc":{"start":{"line":313,"column":11},"end":{"line":313,"column":52}},"locations":[{"start":{"line":313,"column":11},"end":{"line":313,"column":52}}]},"44":{"type":"branch","line":313,"loc":{"start":{"line":313,"column":52},"end":{"line":313,"column":99}},"locations":[{"start":{"line":313,"column":52},"end":{"line":313,"column":99}}]},"45":{"type":"branch","line":313,"loc":{"start":{"line":313,"column":98},"end":{"line":314,"column":115}},"locations":[{"start":{"line":313,"column":98},"end":{"line":314,"column":115}}]},"46":{"type":"branch","line":316,"loc":{"start":{"line":316,"column":4},"end":{"line":318,"column":97}},"locations":[{"start":{"line":316,"column":4},"end":{"line":318,"column":97}}]},"47":{"type":"branch","line":320,"loc":{"start":{"line":320,"column":4},"end":{"line":322,"column":119}},"locations":[{"start":{"line":320,"column":4},"end":{"line":322,"column":119}}]},"48":{"type":"branch","line":321,"loc":{"start":{"line":321,"column":19},"end":{"line":321,"column":59}},"locations":[{"start":{"line":321,"column":19},"end":{"line":321,"column":59}}]},"49":{"type":"branch","line":324,"loc":{"start":{"line":324,"column":4},"end":{"line":326,"column":86}},"locations":[{"start":{"line":324,"column":4},"end":{"line":326,"column":86}}]},"50":{"type":"branch","line":328,"loc":{"start":{"line":328,"column":4},"end":{"line":330,"column":96}},"locations":[{"start":{"line":328,"column":4},"end":{"line":330,"column":96}}]},"51":{"type":"branch","line":332,"loc":{"start":{"line":332,"column":4},"end":{"line":337,"column":9}},"locations":[{"start":{"line":332,"column":4},"end":{"line":337,"column":9}}]},"52":{"type":"branch","line":339,"loc":{"start":{"line":339,"column":4},"end":{"line":341,"column":105}},"locations":[{"start":{"line":339,"column":4},"end":{"line":341,"column":105}}]},"53":{"type":"branch","line":343,"loc":{"start":{"line":343,"column":4},"end":{"line":345,"column":95}},"locations":[{"start":{"line":343,"column":4},"end":{"line":345,"column":95}}]},"54":{"type":"branch","line":347,"loc":{"start":{"line":347,"column":4},"end":{"line":349,"column":85}},"locations":[{"start":{"line":347,"column":4},"end":{"line":349,"column":85}}]},"55":{"type":"branch","line":351,"loc":{"start":{"line":351,"column":4},"end":{"line":353,"column":106}},"locations":[{"start":{"line":351,"column":4},"end":{"line":353,"column":106}}]},"56":{"type":"branch","line":355,"loc":{"start":{"line":355,"column":4},"end":{"line":357,"column":106}},"locations":[{"start":{"line":355,"column":4},"end":{"line":357,"column":106}}]},"57":{"type":"branch","line":359,"loc":{"start":{"line":359,"column":4},"end":{"line":361,"column":95}},"locations":[{"start":{"line":359,"column":4},"end":{"line":361,"column":95}}]},"58":{"type":"branch","line":363,"loc":{"start":{"line":363,"column":4},"end":{"line":374,"column":9}},"locations":[{"start":{"line":363,"column":4},"end":{"line":374,"column":9}}]},"59":{"type":"branch","line":364,"loc":{"start":{"line":364,"column":22},"end":{"line":364,"column":63}},"locations":[{"start":{"line":364,"column":22},"end":{"line":364,"column":63}}]},"60":{"type":"branch","line":364,"loc":{"start":{"line":364,"column":63},"end":{"line":374,"column":9}},"locations":[{"start":{"line":364,"column":63},"end":{"line":374,"column":9}}]},"61":{"type":"branch","line":376,"loc":{"start":{"line":376,"column":4},"end":{"line":384,"column":9}},"locations":[{"start":{"line":376,"column":4},"end":{"line":384,"column":9}}]},"62":{"type":"branch","line":386,"loc":{"start":{"line":386,"column":4},"end":{"line":392,"column":9}},"locations":[{"start":{"line":386,"column":4},"end":{"line":392,"column":9}}]},"63":{"type":"branch","line":394,"loc":{"start":{"line":394,"column":4},"end":{"line":396,"column":136}},"locations":[{"start":{"line":394,"column":4},"end":{"line":396,"column":136}}]},"64":{"type":"branch","line":395,"loc":{"start":{"line":395,"column":22},"end":{"line":395,"column":40}},"locations":[{"start":{"line":395,"column":22},"end":{"line":395,"column":40}}]},"65":{"type":"branch","line":395,"loc":{"start":{"line":395,"column":40},"end":{"line":396,"column":136}},"locations":[{"start":{"line":395,"column":40},"end":{"line":396,"column":136}}]},"66":{"type":"branch","line":398,"loc":{"start":{"line":398,"column":4},"end":{"line":400,"column":111}},"locations":[{"start":{"line":398,"column":4},"end":{"line":400,"column":111}}]},"67":{"type":"branch","line":402,"loc":{"start":{"line":402,"column":4},"end":{"line":404,"column":97}},"locations":[{"start":{"line":402,"column":4},"end":{"line":404,"column":97}}]},"68":{"type":"branch","line":406,"loc":{"start":{"line":406,"column":4},"end":{"line":408,"column":106}},"locations":[{"start":{"line":406,"column":4},"end":{"line":408,"column":106}}]},"69":{"type":"branch","line":410,"loc":{"start":{"line":410,"column":4},"end":{"line":412,"column":82}},"locations":[{"start":{"line":410,"column":4},"end":{"line":412,"column":82}}]},"70":{"type":"branch","line":414,"loc":{"start":{"line":414,"column":4},"end":{"line":416,"column":88}},"locations":[{"start":{"line":414,"column":4},"end":{"line":416,"column":88}}]},"71":{"type":"branch","line":418,"loc":{"start":{"line":418,"column":4},"end":{"line":420,"column":91}},"locations":[{"start":{"line":418,"column":4},"end":{"line":420,"column":91}}]},"72":{"type":"branch","line":422,"loc":{"start":{"line":422,"column":4},"end":{"line":424,"column":78}},"locations":[{"start":{"line":422,"column":4},"end":{"line":424,"column":78}}]},"73":{"type":"branch","line":423,"loc":{"start":{"line":423,"column":19},"end":{"line":424,"column":78}},"locations":[{"start":{"line":423,"column":19},"end":{"line":424,"column":78}}]},"74":{"type":"branch","line":426,"loc":{"start":{"line":426,"column":4},"end":{"line":427,"column":83}},"locations":[{"start":{"line":426,"column":4},"end":{"line":427,"column":83}}]},"75":{"type":"branch","line":429,"loc":{"start":{"line":429,"column":4},"end":{"line":430,"column":53}},"locations":[{"start":{"line":429,"column":4},"end":{"line":430,"column":53}}]}},"b":{"0":[35],"1":[5],"2":[30],"3":[22],"4":[8],"5":[4],"6":[26],"7":[1],"8":[29],"9":[2],"10":[28],"11":[5],"12":[4],"13":[1],"14":[4],"15":[3],"16":[3],"17":[1],"18":[2],"19":[1],"20":[1],"21":[0],"22":[1],"23":[0],"24":[1],"25":[0],"26":[0],"27":[0],"28":[0],"29":[0],"30":[2],"31":[1],"32":[1],"33":[0],"34":[0],"35":[0],"36":[0],"37":[0],"38":[0],"39":[0],"40":[0],"41":[3],"42":[0],"43":[2],"44":[2],"45":[1],"46":[0],"47":[1],"48":[0],"49":[0],"50":[0],"51":[0],"52":[0],"53":[0],"54":[0],"55":[0],"56":[0],"57":[0],"58":[2],"59":[1],"60":[1],"61":[0],"62":[0],"63":[2],"64":[1],"65":[1],"66":[0],"67":[0],"68":[0],"69":[0],"70":[0],"71":[0],"72":[2],"73":[1],"74":[3],"75":[0]},"fnMap":{"0":{"name":"handleStock","decl":{"start":{"line":159,"column":0},"end":{"line":432,"column":1}},"loc":{"start":{"line":159,"column":0},"end":{"line":432,"column":1}},"line":159}},"f":{"0":35}}
}
